<?xml version="1.0" encoding="UTF-8"?>
<testsuite name="com.platform.stock.service.OrderConcurrencyTest" tests="3" skipped="0" failures="0" errors="0" timestamp="2025-11-27T15:08:05" hostname="gimsuyeon-ui-noteubug.local" time="10.634">
  <properties/>
  <testcase name="Optimistic Lock 사용 - 정확히 10개만 판매 (성공)" classname="com.platform.stock.service.OrderConcurrencyTest" time="0.096"/>
  <testcase name="Pessimistic Lock 사용 - 정확히 10개만 판매 (성공)" classname="com.platform.stock.service.OrderConcurrencyTest" time="0.064"/>
  <testcase name="동시성 처리 없는 경우 - 문제 시연용 (검증 없음)" classname="com.platform.stock.service.OrderConcurrencyTest" time="10.472"/>
  <system-out><![CDATA[2025-11-28T00:08:05.436+09:00  INFO 6108 --- [backend-prepare] [    Test worker] t.c.s.AnnotationConfigContextLoaderUtils : Could not detect default configuration classes for test class [com.platform.stock.service.OrderConcurrencyTest]: OrderConcurrencyTest does not declare any static, non-private, non-final, nested classes annotated with @Configuration.
2025-11-28T00:08:05.441+09:00  INFO 6108 --- [backend-prepare] [    Test worker] .b.t.c.SpringBootTestContextBootstrapper : Found @SpringBootConfiguration com.platform.BackendPrepareApplication for test class com.platform.stock.service.OrderConcurrencyTest
2025-11-28T00:08:05.450+09:00 DEBUG 6108 --- [backend-prepare] [    Test worker] org.hibernate.SQL                        : 
    /* insert for
        com.platform.stock.domain.Menu */insert 
    into
        menu (name, price, stock, version, id) 
    values
        (?, ?, ?, ?, default)
Hibernate: 
    /* insert for
        com.platform.stock.domain.Menu */insert 
    into
        menu (name, price, stock, version, id) 
    values
        (?, ?, ?, ?, default)
2025-11-28T00:08:05.470+09:00 DEBUG 6108 --- [backend-prepare] [pool-3-thread-1] org.hibernate.SQL                        : 
    /* SELECT
        m 
    FROM
        Menu m 
    WHERE
        m.id = :id */ select
            m1_0.id,
            m1_0.name,
            m1_0.price,
            m1_0.stock,
            m1_0.version 
        from
            menu m1_0 
        where
            m1_0.id=?
Hibernate: 
    /* SELECT
        m 
    FROM
        Menu m 
    WHERE
        m.id = :id */ select
            m1_0.id,
            m1_0.name,
            m1_0.price,
            m1_0.stock,
            m1_0.version 
2025-11-28T00:08:05.470+09:00 DEBUG 6108 --- [backend-prepare] [pool-3-thread-2] org.hibernate.SQL                        : 
    /* SELECT
        m 
    FROM
        Menu m 
        from
    WHERE
        m.id = :id */ select
            menu m1_0 
            m1_0.id,
            m1_0.name,
            m1_0.price,
        where
            m1_0.stock,
            m1_0.version 
        from
            menu m1_0 
        where
            m1_0.id=?
            m1_0.id=?
2025-11-28T00:08:05.470+09:00 DEBUG 6108 --- [backend-prepare] [pool-3-thread-3] org.hibernate.SQL                        : 
Hibernate: 
    /* SELECT
    /* SELECT
        m 
        m 
    FROM
    FROM
        Menu m 
        Menu m 
    WHERE
    WHERE
        m.id = :id */ select
        m.id = :id */ select
            m1_0.id,
            m1_0.id,
            m1_0.name,
            m1_0.name,
            m1_0.price,
            m1_0.price,
            m1_0.stock,
            m1_0.stock,
            m1_0.version 
            m1_0.version 
        from
        from
            menu m1_0 
            menu m1_0 
        where
        where
            m1_0.id=?
            m1_0.id=?
2025-11-28T00:08:05.470+09:00 DEBUG 6108 --- [backend-prepare] [pool-3-thread-4] org.hibernate.SQL                        : 
    /* SELECT
        m 
    FROM
        Menu m 
    WHERE
        m.id = :id */ select
            m1_0.id,
            m1_0.name,
            m1_0.price,
            m1_0.stock,
            m1_0.version 
        from
            menu m1_0 
        where
            m1_0.id=?
Hibernate: 
    /* SELECT
        m 
    FROM
        Menu m 
    WHERE
        m.id = :id */ select
            m1_0.id,
            m1_0.name,
            m1_0.price,
            m1_0.stock,
            m1_0.version 
        from
2025-11-28T00:08:05.471+09:00 DEBUG 6108 --- [backend-prepare] [pool-3-thread-5] org.hibernate.SQL                        : 
            menu m1_0 
        where
            m1_0.id=?
Hibernate: 
    /* SELECT
        m 
    FROM
        Menu m 
    WHERE
        m.id = :id */ select
            m1_0.id,
            m1_0.name,
            m1_0.price,
            m1_0.stock,
            m1_0.version 
        from
            menu m1_0 
        where
            m1_0.id=?
    /* SELECT
        m 
    FROM
        Menu m 
    WHERE
        m.id = :id */ select
            m1_0.id,
            m1_0.name,
            m1_0.price,
            m1_0.stock,
            m1_0.version 
        from
            menu m1_0 
        where
            m1_0.id=?
Hibernate: 
    /* SELECT
        m 
    FROM
        Menu m 
    WHERE
        m.id = :id */ select
            m1_0.id,
            m1_0.name,
            m1_0.price,
            m1_0.stock,
            m1_0.version 
        from
            menu m1_0 
        where
            m1_0.id=?
2025-11-28T00:08:05.473+09:00 DEBUG 6108 --- [backend-prepare] [pool-3-thread-6] org.hibernate.SQL                        : 
    /* SELECT
        m 
    FROM
        Menu m 
    WHERE
        m.id = :id */ select
            m1_0.id,
            m1_0.name,
            m1_0.price,
            m1_0.stock,
            m1_0.version 
        from
            menu m1_0 
        where
            m1_0.id=?
Hibernate: 
    /* SELECT
        m 
    FROM
        Menu m 
    WHERE
        m.id = :id */ select
            m1_0.id,
            m1_0.name,
            m1_0.price,
            m1_0.stock,
            m1_0.version 
        from
            menu m1_0 
        where
            m1_0.id=?
2025-11-28T00:08:05.473+09:00 DEBUG 6108 --- [backend-prepare] [pool-3-thread-7] org.hibernate.SQL                        : 
    /* SELECT
        m 
    FROM
        Menu m 
    WHERE
        m.id = :id */ select
            m1_0.id,
            m1_0.name,
            m1_0.price,
            m1_0.stock,
            m1_0.version 
        from
            menu m1_0 
        where
            m1_0.id=?
Hibernate: 
    /* SELECT
        m 
    FROM
        Menu m 
    WHERE
        m.id = :id */ select
            m1_0.id,
            m1_0.name,
            m1_0.price,
            m1_0.stock,
            m1_0.version 
        from
            menu m1_0 
        where
            m1_0.id=?
2025-11-28T00:08:05.474+09:00 DEBUG 6108 --- [backend-prepare] [pool-3-thread-8] org.hibernate.SQL                        : 
    /* SELECT
        m 
    FROM
        Menu m 
    WHERE
        m.id = :id */ select
            m1_0.id,
            m1_0.name,
            m1_0.price,
            m1_0.stock,
            m1_0.version 
        from
            menu m1_0 
        where
            m1_0.id=?
Hibernate: 
    /* SELECT
        m 
    FROM
        Menu m 
    WHERE
        m.id = :id */ select
            m1_0.id,
            m1_0.name,
            m1_0.price,
            m1_0.stock,
            m1_0.version 
        from
            menu m1_0 
        where
            m1_0.id=?
2025-11-28T00:08:05.475+09:00 DEBUG 6108 --- [backend-prepare] [pool-3-thread-9] org.hibernate.SQL                        : 
    /* SELECT
        m 
    FROM
        Menu m 
    WHERE
        m.id = :id */ select
            m1_0.id,
            m1_0.name,
            m1_0.price,
            m1_0.stock,
            m1_0.version 
        from
            menu m1_0 
        where
            m1_0.id=?
Hibernate: 
    /* SELECT
        m 
    FROM
        Menu m 
    WHERE
        m.id = :id */ select
            m1_0.id,
            m1_0.name,
            m1_0.price,
            m1_0.stock,
            m1_0.version 
        from
            menu m1_0 
        where
            m1_0.id=?
2025-11-28T00:08:05.475+09:00 DEBUG 6108 --- [backend-prepare] [ool-3-thread-10] org.hibernate.SQL                        : 
    /* SELECT
        m 
    FROM
        Menu m 
    WHERE
        m.id = :id */ select
            m1_0.id,
            m1_0.name,
            m1_0.price,
            m1_0.stock,
            m1_0.version 
        from
            menu m1_0 
        where
            m1_0.id=?
Hibernate: 
    /* SELECT
        m 
    FROM
        Menu m 
    WHERE
        m.id = :id */ select
            m1_0.id,
            m1_0.name,
            m1_0.price,
            m1_0.stock,
            m1_0.version 
        from
            menu m1_0 
        where
            m1_0.id=?
2025-11-28T00:08:05.480+09:00 DEBUG 6108 --- [backend-prepare] [pool-3-thread-7] org.hibernate.SQL                        : 
    /* insert for
        com.platform.stock.domain.Order */insert 
    into
        orders (ordered_at, status, total_price, user_id, id) 
    values
        (?, ?, ?, ?, default)
Hibernate: 
    /* insert for
        com.platform.stock.domain.Order */insert 
    into
        orders (ordered_at, status, total_price, user_id, id) 
    values
        (?, ?, ?, ?, default)
2025-11-28T00:08:05.480+09:00 DEBUG 6108 --- [backend-prepare] [pool-3-thread-9] org.hibernate.SQL                        : 
    /* insert for
        com.platform.stock.domain.Order */insert 
    into
        orders (ordered_at, status, total_price, user_id, id) 
    values
        (?, ?, ?, ?, default)
Hibernate: 
    /* insert for
        com.platform.stock.domain.Order */insert 
    into
        orders (ordered_at, status, total_price, user_id, id) 
    values
        (?, ?, ?, ?, default)
2025-11-28T00:08:05.481+09:00 DEBUG 6108 --- [backend-prepare] [pool-3-thread-3] org.hibernate.SQL                        : 
    /* insert for
        com.platform.stock.domain.Order */insert 
    into
        orders (ordered_at, status, total_price, user_id, id) 
    values
        (?, ?, ?, ?, default)
2025-11-28T00:08:05.481+09:00 DEBUG 6108 --- [backend-prepare] [ool-3-thread-10] org.hibernate.SQL                        : 
    /* insert for
        com.platform.stock.domain.Order */insert 
    into
        orders (ordered_at, status, total_price, user_id, id) 
    values
        (?, ?, ?, ?, default)
Hibernate: 
    /* insert for
        com.platform.stock.domain.Order */insert 
    into
2025-11-28T00:08:05.481+09:00 DEBUG 6108 --- [backend-prepare] [pool-3-thread-4] org.hibernate.SQL                        : 
        orders (ordered_at, status, total_price, user_id, id) 
    /* insert for
        com.platform.stock.domain.Order */insert 
    into
        orders (ordered_at, status, total_price, user_id, id) 
    values
        (?, ?, ?, ?, default)
    values
        (?, ?, ?, ?, default)
2025-11-28T00:08:05.481+09:00 DEBUG 6108 --- [backend-prepare] [pool-3-thread-8] org.hibernate.SQL                        : 
    /* insert for
        com.platform.stock.domain.Order */insert 
    into
        orders (ordered_at, status, total_price, user_id, id) 
    values
        (?, ?, ?, ?, default)
Hibernate: 
    /* insert for
        com.platform.stock.domain.Order */insert 
    into
        orders (ordered_at, status, total_price, user_id, id) 
    values
        (?, ?, ?, ?, default)
2025-11-28T00:08:05.481+09:00 DEBUG 6108 --- [backend-prepare] [pool-3-thread-1] org.hibernate.SQL                        : 
    /* insert for
        com.platform.stock.domain.Order */insert 
    into
        orders (ordered_at, status, total_price, user_id, id) 
    values
        (?, ?, ?, ?, default)
Hibernate: 
    /* insert for
        com.platform.stock.domain.Order */insert 
    into
        orders (ordered_at, status, total_price, user_id, id) 
    values
        (?, ?, ?, ?, default)
2025-11-28T00:08:05.481+09:00 DEBUG 6108 --- [backend-prepare] [pool-3-thread-2] org.hibernate.SQL                        : 
    /* insert for
        com.platform.stock.domain.Order */insert 
    into
        orders (ordered_at, status, total_price, user_id, id) 
    values
        (?, ?, ?, ?, default)
Hibernate: 
    /* insert for
        com.platform.stock.domain.Order */insert 
    into
        orders (ordered_at, status, total_price, user_id, id) 
    values
        (?, ?, ?, ?, default)
2025-11-28T00:08:05.482+09:00 DEBUG 6108 --- [backend-prepare] [pool-3-thread-6] org.hibernate.SQL                        : 
    /* insert for
        com.platform.stock.domain.Order */insert 
    into
        orders (ordered_at, status, total_price, user_id, id) 
    values
        (?, ?, ?, ?, default)
Hibernate: 
    /* insert for
        com.platform.stock.domain.Order */insert 
    into
        orders (ordered_at, status, total_price, user_id, id) 
    values
        (?, ?, ?, ?, default)
2025-11-28T00:08:05.482+09:00 DEBUG 6108 --- [backend-prepare] [pool-3-thread-9] org.hibernate.SQL                        : 
    /* insert for
        com.platform.stock.domain.OrderItem */insert 
    into
        order_item (menu_id, menu_name, order_id, price, quantity, id) 
    values
        (?, ?, ?, ?, ?, default)
Hibernate: 
    /* insert for
        com.platform.stock.domain.OrderItem */insert 
    into
        order_item (menu_id, menu_name, order_id, price, quantity, id) 
    values
        (?, ?, ?, ?, ?, default)
2025-11-28T00:08:05.482+09:00 DEBUG 6108 --- [backend-prepare] [pool-3-thread-8] org.hibernate.SQL                        : 
    /* insert for
        com.platform.stock.domain.OrderItem */insert 
    into
        order_item (menu_id, menu_name, order_id, price, quantity, id) 
    values
        (?, ?, ?, ?, ?, default)
Hibernate: 
    /* insert for
        com.platform.stock.domain.OrderItem */insert 
    into
        order_item (menu_id, menu_name, order_id, price, quantity, id) 
    values
        (?, ?, ?, ?, ?, default)
2025-11-28T00:08:05.482+09:00 DEBUG 6108 --- [backend-prepare] [pool-3-thread-1] org.hibernate.SQL                        : 
    /* insert for
        com.platform.stock.domain.OrderItem */insert 
    into
        order_item (menu_id, menu_name, order_id, price, quantity, id) 
    values
        (?, ?, ?, ?, ?, default)
Hibernate: 
    /* insert for
        com.platform.stock.domain.OrderItem */insert 
    into
        order_item (menu_id, menu_name, order_id, price, quantity, id) 
    values
        (?, ?, ?, ?, ?, default)
2025-11-28T00:08:05.482+09:00 DEBUG 6108 --- [backend-prepare] [pool-3-thread-2] org.hibernate.SQL                        : 
    /* insert for
        com.platform.stock.domain.OrderItem */insert 
    into
        order_item (menu_id, menu_name, order_id, price, quantity, id) 
    values
        (?, ?, ?, ?, ?, default)
Hibernate: 
    /* insert for
        com.platform.stock.domain.OrderItem */insert 
    into
        order_item (menu_id, menu_name, order_id, price, quantity, id) 
    values
        (?, ?, ?, ?, ?, default)
2025-11-28T00:08:05.483+09:00 DEBUG 6108 --- [backend-prepare] [pool-3-thread-6] org.hibernate.SQL                        : 
    /* insert for
        com.platform.stock.domain.OrderItem */insert 
    into
        order_item (menu_id, menu_name, order_id, price, quantity, id) 
    values
        (?, ?, ?, ?, ?, default)
Hibernate: 
    /* insert for
        com.platform.stock.domain.OrderItem */insert 
    into
        order_item (menu_id, menu_name, order_id, price, quantity, id) 
    values
        (?, ?, ?, ?, ?, default)
Hibernate: 
    /* insert for
        com.platform.stock.domain.Order */insert 
    into
        orders (ordered_at, status, total_price, user_id, id) 
    values
        (?, ?, ?, ?, default)
2025-11-28T00:08:05.483+09:00 DEBUG 6108 --- [backend-prepare] [pool-3-thread-7] org.hibernate.SQL                        : 
    /* insert for
        com.platform.stock.domain.OrderItem */insert 
    into
        order_item (menu_id, menu_name, order_id, price, quantity, id) 
    values
        (?, ?, ?, ?, ?, default)
Hibernate: 
    /* insert for
        com.platform.stock.domain.Order */insert 
    into
        orders (ordered_at, status, total_price, user_id, id) 
    values
        (?, ?, ?, ?, default)
Hibernate: 
    /* insert for
        com.platform.stock.domain.OrderItem */insert 
    into
        order_item (menu_id, menu_name, order_id, price, quantity, id) 
    values
        (?, ?, ?, ?, ?, default)
2025-11-28T00:08:05.483+09:00 DEBUG 6108 --- [backend-prepare] [pool-3-thread-3] org.hibernate.SQL                        : 
    /* insert for
        com.platform.stock.domain.OrderItem */insert 
    into
        order_item (menu_id, menu_name, order_id, price, quantity, id) 
    values
        (?, ?, ?, ?, ?, default)
Hibernate: 
    /* insert for
        com.platform.stock.domain.OrderItem */insert 
    into
        order_item (menu_id, menu_name, order_id, price, quantity, id) 
    values
        (?, ?, ?, ?, ?, default)
2025-11-28T00:08:05.483+09:00 DEBUG 6108 --- [backend-prepare] [pool-3-thread-4] org.hibernate.SQL                        : 
    /* insert for
        com.platform.stock.domain.OrderItem */insert 
    into
        order_item (menu_id, menu_name, order_id, price, quantity, id) 
    values
        (?, ?, ?, ?, ?, default)
Hibernate: 
    /* insert for
        com.platform.stock.domain.OrderItem */insert 
    into
        order_item (menu_id, menu_name, order_id, price, quantity, id) 
    values
        (?, ?, ?, ?, ?, default)
2025-11-28T00:08:05.484+09:00 DEBUG 6108 --- [backend-prepare] [ool-3-thread-10] org.hibernate.SQL                        : 
    /* insert for
        com.platform.stock.domain.OrderItem */insert 
    into
        order_item (menu_id, menu_name, order_id, price, quantity, id) 
    values
        (?, ?, ?, ?, ?, default)
Hibernate: 
    /* insert for
        com.platform.stock.domain.OrderItem */insert 
    into
        order_item (menu_id, menu_name, order_id, price, quantity, id) 
    values
        (?, ?, ?, ?, ?, default)
2025-11-28T00:08:05.484+09:00 DEBUG 6108 --- [backend-prepare] [pool-3-thread-5] org.hibernate.SQL                        : 
    /* insert for
        com.platform.stock.domain.Order */insert 
    into
        orders (ordered_at, status, total_price, user_id, id) 
    values
        (?, ?, ?, ?, default)
Hibernate: 
    /* insert for
        com.platform.stock.domain.Order */insert 
    into
        orders (ordered_at, status, total_price, user_id, id) 
    values
        (?, ?, ?, ?, default)
2025-11-28T00:08:05.485+09:00 DEBUG 6108 --- [backend-prepare] [pool-3-thread-5] org.hibernate.SQL                        : 
    /* insert for
        com.platform.stock.domain.OrderItem */insert 
    into
        order_item (menu_id, menu_name, order_id, price, quantity, id) 
    values
        (?, ?, ?, ?, ?, default)
Hibernate: 
    /* insert for
        com.platform.stock.domain.OrderItem */insert 
    into
        order_item (menu_id, menu_name, order_id, price, quantity, id) 
    values
        (?, ?, ?, ?, ?, default)
2025-11-28T00:08:05.491+09:00 DEBUG 6108 --- [backend-prepare] [pool-3-thread-8] org.hibernate.SQL                        : 
    /* update
        for com.platform.stock.domain.Menu */update menu 
    set
        name=?,
        price=?,
        stock=?,
        version=? 
    where
        id=? 
        and version=?
2025-11-28T00:08:05.491+09:00 DEBUG 6108 --- [backend-prepare] [pool-3-thread-5] org.hibernate.SQL                        : 
    /* update
        for com.platform.stock.domain.Menu */update menu 
    set
        name=?,
        price=?,
        stock=?,
        version=? 
    where
        id=? 
        and version=?
Hibernate: 
    /* update
        for com.platform.stock.domain.Menu */update menu 
    set
        name=?,
        price=?,
        stock=?,
        version=? 
    where
        id=? 
        and version=?
2025-11-28T00:08:05.491+09:00 DEBUG 6108 --- [backend-prepare] [pool-3-thread-7] org.hibernate.SQL                        : 
    /* update
        for com.platform.stock.domain.Menu */update menu 
    set
        name=?,
        price=?,
        stock=?,
        version=? 
    where
        id=? 
        and version=?
Hibernate: 
    /* update
        for com.platform.stock.domain.Menu */update menu 
    set
        name=?,
        price=?,
        stock=?,
        version=? 
    where
        id=? 
        and version=?
2025-11-28T00:08:05.491+09:00 DEBUG 6108 --- [backend-prepare] [pool-3-thread-9] org.hibernate.SQL                        : 
    /* update
        for com.platform.stock.domain.Menu */update menu 
    set
        name=?,
        price=?,
        stock=?,
        version=? 
    where
        id=? 
        and version=?
Hibernate: 
    /* update
        for com.platform.stock.domain.Menu */update menu 
    set
        name=?,
        price=?,
        stock=?,
        version=? 
    where
        id=? 
2025-11-28T00:08:05.491+09:00 DEBUG 6108 --- [backend-prepare] [pool-3-thread-2] org.hibernate.SQL                        : 
        and version=?
    /* update
        for com.platform.stock.domain.Menu */update menu 
    set
        name=?,
        price=?,
        stock=?,
        version=? 
    where
        id=? 
        and version=?
Hibernate: 
    /* update
        for com.platform.stock.domain.Menu */update menu 
    set
        name=?,
        price=?,
        stock=?,
        version=? 
    where
        id=? 
        and version=?
2025-11-28T00:08:05.491+09:00 DEBUG 6108 --- [backend-prepare] [pool-3-thread-1] org.hibernate.SQL                        : 
    /* update
        for com.platform.stock.domain.Menu */update menu 
    set
        name=?,
        price=?,
        stock=?,
        version=? 
    where
        id=? 
        and version=?
Hibernate: 
    /* update
        for com.platform.stock.domain.Menu */update menu 
    set
        name=?,
        price=?,
        stock=?,
        version=? 
    where
        id=? 
        and version=?
Hibernate: 
    /* update
        for com.platform.stock.domain.Menu */update menu 
    set
        name=?,
        price=?,
        stock=?,
        version=? 
    where
        id=? 
        and version=?
2025-11-28T00:08:05.491+09:00 DEBUG 6108 --- [backend-prepare] [pool-3-thread-4] org.hibernate.SQL                        : 
    /* update
        for com.platform.stock.domain.Menu */update menu 
    set
        name=?,
        price=?,
        stock=?,
        version=? 
    where
        id=? 
        and version=?
Hibernate: 
    /* update
        for com.platform.stock.domain.Menu */update menu 
    set
        name=?,
        price=?,
        stock=?,
        version=? 
    where
        id=? 
        and version=?
2025-11-28T00:08:05.491+09:00 DEBUG 6108 --- [backend-prepare] [ool-3-thread-10] org.hibernate.SQL                        : 
    /* update
        for com.platform.stock.domain.Menu */update menu 
    set
        name=?,
        price=?,
        stock=?,
        version=? 
    where
        id=? 
        and version=?
Hibernate: 
    /* update
        for com.platform.stock.domain.Menu */update menu 
    set
        name=?,
        price=?,
        stock=?,
        version=? 
    where
        id=? 
        and version=?
2025-11-28T00:08:05.492+09:00 DEBUG 6108 --- [backend-prepare] [pool-3-thread-3] org.hibernate.SQL                        : 
    /* update
        for com.platform.stock.domain.Menu */update menu 
    set
        name=?,
        price=?,
        stock=?,
        version=? 
    where
        id=? 
        and version=?
Hibernate: 
    /* update
        for com.platform.stock.domain.Menu */update menu 
    set
        name=?,
        price=?,
        stock=?,
        version=? 
    where
        id=? 
        and version=?
2025-11-28T00:08:05.492+09:00 DEBUG 6108 --- [backend-prepare] [pool-3-thread-6] org.hibernate.SQL                        : 
    /* update
        for com.platform.stock.domain.Menu */update menu 
    set
        name=?,
        price=?,
        stock=?,
        version=? 
    where
        id=? 
        and version=?
Hibernate: 
    /* update
        for com.platform.stock.domain.Menu */update menu 
    set
        name=?,
        price=?,
        stock=?,
        version=? 
    where
        id=? 
        and version=?
2025-11-28T00:08:05.492+09:00 DEBUG 6108 --- [backend-prepare] [pool-3-thread-7] org.hibernate.SQL                        : 
    /* get version com.platform.stock.domain.Menu */ select
        version as version_ 
    from
        menu 
    where
        id=?
Hibernate: 
    /* get version com.platform.stock.domain.Menu */ select
        version as version_ 
    from
        menu 
    where
        id=?
2025-11-28T00:08:05.495+09:00 DEBUG 6108 --- [backend-prepare] [ool-3-thread-11] org.hibernate.SQL                        : 
    /* SELECT
        m 
    FROM
        Menu m 
    WHERE
        m.id = :id */ select
            m1_0.id,
            m1_0.name,
            m1_0.price,
            m1_0.stock,
            m1_0.version 
        from
            menu m1_0 
        where
            m1_0.id=?
Hibernate: 
    /* SELECT
        m 
    FROM
        Menu m 
    WHERE
        m.id = :id */ select
            m1_0.id,
            m1_0.name,
            m1_0.price,
            m1_0.stock,
            m1_0.version 
        from
            menu m1_0 
        where
            m1_0.id=?
2025-11-28T00:08:05.495+09:00 DEBUG 6108 --- [backend-prepare] [pool-3-thread-9] org.hibernate.SQL                        : 
    select
        m1_0.id,
        m1_0.name,
        m1_0.price,
        m1_0.stock,
        m1_0.version 
    from
        menu m1_0 
    where
        m1_0.id=?
Hibernate: 
    select
        m1_0.id,
        m1_0.name,
        m1_0.price,
        m1_0.stock,
        m1_0.version 
    from
        menu m1_0 
    where
        m1_0.id=?
2025-11-28T00:08:05.496+09:00 DEBUG 6108 --- [backend-prepare] [ool-3-thread-11] org.hibernate.SQL                        : 
    /* insert for
        com.platform.stock.domain.Order */insert 
    into
        orders (ordered_at, status, total_price, user_id, id) 
    values
        (?, ?, ?, ?, default)
2025-11-28T00:08:05.496+09:00 DEBUG 6108 --- [backend-prepare] [pool-3-thread-6] org.hibernate.SQL                        : 
    select
        m1_0.id,
        m1_0.name,
        m1_0.price,
        m1_0.stock,
        m1_0.version 
    from
        menu m1_0 
    where
        m1_0.id=?
Hibernate: 
    select
        m1_0.id,
        m1_0.name,
        m1_0.price,
        m1_0.stock,
        m1_0.version 
    from
        menu m1_0 
    where
        m1_0.id=?
2025-11-28T00:08:05.496+09:00 DEBUG 6108 --- [backend-prepare] [pool-3-thread-3] org.hibernate.SQL                        : 
Hibernate: 
    select
    /* insert for
        m1_0.id,
        m1_0.name,
        com.platform.stock.domain.Order */insert 
        m1_0.price,
    into
        m1_0.stock,
        orders (ordered_at, status, total_price, user_id, id) 
        m1_0.version 
    values
    from
        menu m1_0 
    where
        m1_0.id=?
        (?, ?, ?, ?, default)
Hibernate: 
    select
        m1_0.id,
        m1_0.name,
        m1_0.price,
        m1_0.stock,
        m1_0.version 
    from
        menu m1_0 
    where
        m1_0.id=?
2025-11-28T00:08:05.496+09:00 DEBUG 6108 --- [backend-prepare] [pool-3-thread-5] org.hibernate.SQL                        : 
    select
        m1_0.id,
        m1_0.name,
        m1_0.price,
        m1_0.stock,
        m1_0.version 
    from
        menu m1_0 
    where
        m1_0.id=?
Hibernate: 
    select
        m1_0.id,
        m1_0.name,
        m1_0.price,
        m1_0.stock,
        m1_0.version 
    from
        menu m1_0 
    where
        m1_0.id=?
2025-11-28T00:08:05.497+09:00 DEBUG 6108 --- [backend-prepare] [ool-3-thread-11] org.hibernate.SQL                        : 
    /* insert for
        com.platform.stock.domain.OrderItem */insert 
    into
        order_item (menu_id, menu_name, order_id, price, quantity, id) 
    values
        (?, ?, ?, ?, ?, default)
Hibernate: 
    /* insert for
        com.platform.stock.domain.OrderItem */insert 
    into
        order_item (menu_id, menu_name, order_id, price, quantity, id) 
    values
        (?, ?, ?, ?, ?, default)
2025-11-28T00:08:05.497+09:00 DEBUG 6108 --- [backend-prepare] [ool-3-thread-11] org.hibernate.SQL                        : 
    /* update
        for com.platform.stock.domain.Menu */update menu 
    set
        name=?,
        price=?,
        stock=?,
        version=? 
    where
        id=? 
        and version=?
Hibernate: 
    /* update
        for com.platform.stock.domain.Menu */update menu 
    set
        name=?,
        price=?,
        stock=?,
        version=? 
    where
        id=? 
        and version=?
2025-11-28T00:08:05.497+09:00 DEBUG 6108 --- [backend-prepare] [ool-3-thread-12] org.hibernate.SQL                        : 
    /* SELECT
        m 
    FROM
        Menu m 
    WHERE
        m.id = :id */ select
            m1_0.id,
            m1_0.name,
            m1_0.price,
            m1_0.stock,
            m1_0.version 
        from
            menu m1_0 
        where
            m1_0.id=?
Hibernate: 
    /* SELECT
        m 
    FROM
        Menu m 
    WHERE
        m.id = :id */ select
            m1_0.id,
            m1_0.name,
            m1_0.price,
            m1_0.stock,
            m1_0.version 
        from
            menu m1_0 
        where
            m1_0.id=?
2025-11-28T00:08:05.498+09:00 DEBUG 6108 --- [backend-prepare] [ool-3-thread-13] org.hibernate.SQL                        : 
    /* SELECT
        m 
    FROM
        Menu m 
    WHERE
        m.id = :id */ select
            m1_0.id,
            m1_0.name,
            m1_0.price,
            m1_0.stock,
            m1_0.version 
        from
            menu m1_0 
        where
            m1_0.id=?
Hibernate: 
    /* SELECT
        m 
    FROM
        Menu m 
    WHERE
        m.id = :id */ select
            m1_0.id,
            m1_0.name,
            m1_0.price,
            m1_0.stock,
            m1_0.version 
        from
            menu m1_0 
        where
2025-11-28T00:08:05.498+09:00 DEBUG 6108 --- [backend-prepare] [ool-3-thread-15] org.hibernate.SQL                        : 
    /* SELECT
        m 
    FROM
        Menu m 
    WHERE
        m.id = :id */ select
            m1_0.id,
            m1_0.name,
            m1_0.price,
            m1_0.stock,
            m1_0.id=?
            m1_0.version 
        from
            menu m1_0 
        where
            m1_0.id=?
Hibernate: 
    /* SELECT
        m 
    FROM
        Menu m 
    WHERE
        m.id = :id */ select
            m1_0.id,
            m1_0.name,
            m1_0.price,
            m1_0.stock,
            m1_0.version 
        from
            menu m1_0 
        where
            m1_0.id=?
2025-11-28T00:08:05.498+09:00 DEBUG 6108 --- [backend-prepare] [ool-3-thread-14] org.hibernate.SQL                        : 
    /* SELECT
        m 
    FROM
        Menu m 
    WHERE
        m.id = :id */ select
            m1_0.id,
            m1_0.name,
            m1_0.price,
            m1_0.stock,
            m1_0.version 
        from
            menu m1_0 
        where
            m1_0.id=?
Hibernate: 
    /* SELECT
        m 
    FROM
        Menu m 
    WHERE
        m.id = :id */ select
            m1_0.id,
            m1_0.name,
            m1_0.price,
            m1_0.stock,
            m1_0.version 
        from
            menu m1_0 
        where
            m1_0.id=?
2025-11-28T00:08:05.497+09:00 DEBUG 6108 --- [backend-prepare] [pool-3-thread-4] org.hibernate.SQL                        : 
    select
        m1_0.id,
        m1_0.name,
        m1_0.price,
        m1_0.stock,
        m1_0.version 
    from
        menu m1_0 
    where
        m1_0.id=?
Hibernate: 
    select
        m1_0.id,
        m1_0.name,
        m1_0.price,
        m1_0.stock,
        m1_0.version 
    from
        menu m1_0 
    where
        m1_0.id=?
2025-11-28T00:08:05.498+09:00 DEBUG 6108 --- [backend-prepare] [ool-3-thread-15] org.hibernate.SQL                        : 
    /* insert for
        com.platform.stock.domain.Order */insert 
    into
        orders (ordered_at, status, total_price, user_id, id) 
    values
        (?, ?, ?, ?, default)
Hibernate: 
    /* insert for
        com.platform.stock.domain.Order */insert 
    into
        orders (ordered_at, status, total_price, user_id, id) 
    values
        (?, ?, ?, ?, default)
2025-11-28T00:08:05.498+09:00 DEBUG 6108 --- [backend-prepare] [ool-3-thread-12] org.hibernate.SQL                        : 
    /* insert for
        com.platform.stock.domain.Order */insert 
    into
        orders (ordered_at, status, total_price, user_id, id) 
    values
        (?, ?, ?, ?, default)
Hibernate: 
    /* insert for
        com.platform.stock.domain.Order */insert 
    into
        orders (ordered_at, status, total_price, user_id, id) 
    values
        (?, ?, ?, ?, default)
2025-11-28T00:08:05.498+09:00 DEBUG 6108 --- [backend-prepare] [ool-3-thread-15] org.hibernate.SQL                        : 
    /* insert for
        com.platform.stock.domain.OrderItem */insert 
    into
        order_item (menu_id, menu_name, order_id, price, quantity, id) 
    values
        (?, ?, ?, ?, ?, default)
Hibernate: 
    /* insert for
        com.platform.stock.domain.OrderItem */insert 
    into
        order_item (menu_id, menu_name, order_id, price, quantity, id) 
    values
        (?, ?, ?, ?, ?, default)
2025-11-28T00:08:05.497+09:00 DEBUG 6108 --- [backend-prepare] [ool-3-thread-11] org.hibernate.SQL                        : 
    /* get version com.platform.stock.domain.Menu */ select
        version as version_ 
    from
        menu 
    where
        id=?
Hibernate: 
    /* get version com.platform.stock.domain.Menu */ select
        version as version_ 
    from
        menu 
    where
        id=?
2025-11-28T00:08:05.499+09:00 DEBUG 6108 --- [backend-prepare] [ool-3-thread-15] org.hibernate.SQL                        : 
    /* update
        for com.platform.stock.domain.Menu */update menu 
    set
        name=?,
        price=?,
        stock=?,
        version=? 
    where
        id=? 
        and version=?
Hibernate: 
    /* update
        for com.platform.stock.domain.Menu */update menu 
    set
        name=?,
        price=?,
        stock=?,
        version=? 
    where
        id=? 
        and version=?
2025-11-28T00:08:05.499+09:00 DEBUG 6108 --- [backend-prepare] [ool-3-thread-14] org.hibernate.SQL                        : 
    /* insert for
        com.platform.stock.domain.Order */insert 
    into
        orders (ordered_at, status, total_price, user_id, id) 
    values
        (?, ?, ?, ?, default)
Hibernate: 
    /* insert for
        com.platform.stock.domain.Order */insert 
    into
        orders (ordered_at, status, total_price, user_id, id) 
    values
        (?, ?, ?, ?, default)
2025-11-28T00:08:05.499+09:00 DEBUG 6108 --- [backend-prepare] [ool-3-thread-15] org.hibernate.SQL                        : 
    select
        m1_0.id,
        m1_0.name,
        m1_0.price,
        m1_0.stock,
        m1_0.version 
    from
        menu m1_0 
    where
        m1_0.id=?
Hibernate: 
    select
        m1_0.id,
        m1_0.name,
        m1_0.price,
        m1_0.stock,
        m1_0.version 
    from
        menu m1_0 
    where
        m1_0.id=?
2025-11-28T00:08:05.499+09:00 DEBUG 6108 --- [backend-prepare] [ool-3-thread-14] org.hibernate.SQL                        : 
    /* insert for
        com.platform.stock.domain.OrderItem */insert 
    into
        order_item (menu_id, menu_name, order_id, price, quantity, id) 
    values
        (?, ?, ?, ?, ?, default)
Hibernate: 
    /* insert for
        com.platform.stock.domain.OrderItem */insert 
    into
        order_item (menu_id, menu_name, order_id, price, quantity, id) 
    values
        (?, ?, ?, ?, ?, default)
2025-11-28T00:08:05.500+09:00 DEBUG 6108 --- [backend-prepare] [ool-3-thread-12] org.hibernate.SQL                        : 
    /* insert for
        com.platform.stock.domain.OrderItem */insert 
    into
        order_item (menu_id, menu_name, order_id, price, quantity, id) 
    values
        (?, ?, ?, ?, ?, default)
Hibernate: 
    /* insert for
        com.platform.stock.domain.OrderItem */insert 
    into
        order_item (menu_id, menu_name, order_id, price, quantity, id) 
    values
        (?, ?, ?, ?, ?, default)
2025-11-28T00:08:05.500+09:00 DEBUG 6108 --- [backend-prepare] [pool-3-thread-2] org.hibernate.SQL                        : 
    select
        m1_0.id,
        m1_0.name,
        m1_0.price,
        m1_0.stock,
        m1_0.version 
    from
        menu m1_0 
    where
        m1_0.id=?
Hibernate: 
    select
        m1_0.id,
        m1_0.name,
        m1_0.price,
        m1_0.stock,
        m1_0.version 
    from
        menu m1_0 
    where
        m1_0.id=?
2025-11-28T00:08:05.500+09:00 DEBUG 6108 --- [backend-prepare] [ool-3-thread-17] org.hibernate.SQL                        : 
    /* SELECT
        m 
    FROM
        Menu m 
    WHERE
        m.id = :id */ select
            m1_0.id,
            m1_0.name,
            m1_0.price,
            m1_0.stock,
            m1_0.version 
        from
            menu m1_0 
        where
            m1_0.id=?
Hibernate: 
    /* SELECT
        m 
    FROM
        Menu m 
    WHERE
        m.id = :id */ select
            m1_0.id,
            m1_0.name,
            m1_0.price,
            m1_0.stock,
            m1_0.version 
        from
            menu m1_0 
        where
            m1_0.id=?
2025-11-28T00:08:05.500+09:00 DEBUG 6108 --- [backend-prepare] [ool-3-thread-13] org.hibernate.SQL                        : 
    /* insert for
        com.platform.stock.domain.Order */insert 
    into
        orders (ordered_at, status, total_price, user_id, id) 
    values
        (?, ?, ?, ?, default)
Hibernate: 
    /* insert for
        com.platform.stock.domain.Order */insert 
    into
        orders (ordered_at, status, total_price, user_id, id) 
    values
        (?, ?, ?, ?, default)
2025-11-28T00:08:05.500+09:00 DEBUG 6108 --- [backend-prepare] [ool-3-thread-12] org.hibernate.SQL                        : 
    /* update
        for com.platform.stock.domain.Menu */update menu 
    set
        name=?,
        price=?,
        stock=?,
        version=? 
    where
        id=? 
        and version=?
Hibernate: 
    /* update
        for com.platform.stock.domain.Menu */update menu 
    set
        name=?,
        price=?,
        stock=?,
        version=? 
    where
        id=? 
        and version=?
2025-11-28T00:08:05.500+09:00 DEBUG 6108 --- [backend-prepare] [ool-3-thread-13] org.hibernate.SQL                        : 
    /* insert for
        com.platform.stock.domain.OrderItem */insert 
    into
        order_item (menu_id, menu_name, order_id, price, quantity, id) 
    values
        (?, ?, ?, ?, ?, default)
Hibernate: 
    /* insert for
        com.platform.stock.domain.OrderItem */insert 
    into
        order_item (menu_id, menu_name, order_id, price, quantity, id) 
    values
        (?, ?, ?, ?, ?, default)
2025-11-28T00:08:05.500+09:00 DEBUG 6108 --- [backend-prepare] [ool-3-thread-17] org.hibernate.SQL                        : 
    /* insert for
        com.platform.stock.domain.Order */insert 
    into
        orders (ordered_at, status, total_price, user_id, id) 
    values
        (?, ?, ?, ?, default)
Hibernate: 
    /* insert for
        com.platform.stock.domain.Order */insert 
    into
        orders (ordered_at, status, total_price, user_id, id) 
    values
        (?, ?, ?, ?, default)
2025-11-28T00:08:05.500+09:00 DEBUG 6108 --- [backend-prepare] [ool-3-thread-16] org.hibernate.SQL                        : 
    /* SELECT
        m 
    FROM
        Menu m 
    WHERE
        m.id = :id */ select
            m1_0.id,
            m1_0.name,
            m1_0.price,
            m1_0.stock,
            m1_0.version 
        from
            menu m1_0 
        where
            m1_0.id=?
2025-11-28T00:08:05.500+09:00 DEBUG 6108 --- [backend-prepare] [ool-3-thread-12] org.hibernate.SQL                        : 
    select
        m1_0.id,
        m1_0.name,
        m1_0.price,
        m1_0.stock,
        m1_0.version 
    from
        menu m1_0 
    where
        m1_0.id=?
Hibernate: 
    /* SELECT
        m 
    FROM
        Menu m 
    WHERE
        m.id = :id */ select
            m1_0.id,
            m1_0.name,
            m1_0.price,
            m1_0.stock,
            m1_0.version 
        from
            menu m1_0 
        where
            m1_0.id=?
2025-11-28T00:08:05.501+09:00 DEBUG 6108 --- [backend-prepare] [ool-3-thread-13] org.hibernate.SQL                        : 
    /* update
        for com.platform.stock.domain.Menu */update menu 
    set
        name=?,
        price=?,
        stock=?,
        version=? 
    where
        id=? 
        and version=?
Hibernate: 
    select
        m1_0.id,
        m1_0.name,
        m1_0.price,
        m1_0.stock,
        m1_0.version 
    from
        menu m1_0 
    where
        m1_0.id=?
2025-11-28T00:08:05.500+09:00 DEBUG 6108 --- [backend-prepare] [ool-3-thread-14] org.hibernate.SQL                        : 
    /* update
        for com.platform.stock.domain.Menu */update menu 
    set
Hibernate: 
        name=?,
    /* update
        price=?,
        stock=?,
        for com.platform.stock.domain.Menu */update menu 
        version=? 
    set
    where
        name=?,
        id=? 
        price=?,
        stock=?,
        and version=?
        version=? 
    where
        id=? 
        and version=?
Hibernate: 
    /* update
        for com.platform.stock.domain.Menu */update menu 
    set
        name=?,
        price=?,
        stock=?,
        version=? 
    where
        id=? 
        and version=?
2025-11-28T00:08:05.501+09:00 DEBUG 6108 --- [backend-prepare] [ool-3-thread-19] org.hibernate.SQL                        : 
    /* SELECT
        m 
    FROM
        Menu m 
    WHERE
        m.id = :id */ select
            m1_0.id,
            m1_0.name,
            m1_0.price,
            m1_0.stock,
            m1_0.version 
        from
            menu m1_0 
        where
            m1_0.id=?
Hibernate: 
    /* SELECT
        m 
    FROM
        Menu m 
    WHERE
        m.id = :id */ select
            m1_0.id,
            m1_0.name,
            m1_0.price,
            m1_0.stock,
            m1_0.version 
        from
            menu m1_0 
        where
            m1_0.id=?
2025-11-28T00:08:05.501+09:00 DEBUG 6108 --- [backend-prepare] [ool-3-thread-18] org.hibernate.SQL                        : 
    /* SELECT
        m 
    FROM
        Menu m 
    WHERE
        m.id = :id */ select
            m1_0.id,
            m1_0.name,
            m1_0.price,
            m1_0.stock,
            m1_0.version 
        from
            menu m1_0 
        where
            m1_0.id=?
Hibernate: 
    /* SELECT
        m 
    FROM
        Menu m 
    WHERE
        m.id = :id */ select
            m1_0.id,
            m1_0.name,
            m1_0.price,
            m1_0.stock,
            m1_0.version 
        from
            menu m1_0 
        where
            m1_0.id=?
2025-11-28T00:08:05.501+09:00 DEBUG 6108 --- [backend-prepare] [ool-3-thread-16] org.hibernate.SQL                        : 
    /* insert for
        com.platform.stock.domain.Order */insert 
    into
        orders (ordered_at, status, total_price, user_id, id) 
    values
        (?, ?, ?, ?, default)
Hibernate: 
    /* insert for
        com.platform.stock.domain.Order */insert 
    into
        orders (ordered_at, status, total_price, user_id, id) 
    values
        (?, ?, ?, ?, default)
2025-11-28T00:08:05.501+09:00 DEBUG 6108 --- [backend-prepare] [ool-3-thread-19] org.hibernate.SQL                        : 
    /* insert for
        com.platform.stock.domain.Order */insert 
    into
        orders (ordered_at, status, total_price, user_id, id) 
    values
        (?, ?, ?, ?, default)
Hibernate: 
    /* insert for
        com.platform.stock.domain.Order */insert 
    into
        orders (ordered_at, status, total_price, user_id, id) 
    values
        (?, ?, ?, ?, default)
2025-11-28T00:08:05.501+09:00 DEBUG 6108 --- [backend-prepare] [ool-3-thread-16] org.hibernate.SQL                        : 
    /* insert for
        com.platform.stock.domain.OrderItem */insert 
    into
        order_item (menu_id, menu_name, order_id, price, quantity, id) 
    values
        (?, ?, ?, ?, ?, default)
Hibernate: 
    /* insert for
        com.platform.stock.domain.OrderItem */insert 
    into
        order_item (menu_id, menu_name, order_id, price, quantity, id) 
    values
        (?, ?, ?, ?, ?, default)
2025-11-28T00:08:05.501+09:00 DEBUG 6108 --- [backend-prepare] [ool-3-thread-14] org.hibernate.SQL                        : 
    select
        m1_0.id,
        m1_0.name,
        m1_0.price,
        m1_0.stock,
        m1_0.version 
    from
        menu m1_0 
    where
        m1_0.id=?
2025-11-28T00:08:05.500+09:00 DEBUG 6108 --- [backend-prepare] [ool-3-thread-17] org.hibernate.SQL                        : 
    /* insert for
        com.platform.stock.domain.OrderItem */insert 
    into
Hibernate: 
        order_item (menu_id, menu_name, order_id, price, quantity, id) 
    select
    values
        m1_0.id,
        (?, ?, ?, ?, ?, default)
        m1_0.name,
        m1_0.price,
        m1_0.stock,
        m1_0.version 
    from
        menu m1_0 
    where
2025-11-28T00:08:05.501+09:00 DEBUG 6108 --- [backend-prepare] [ool-3-thread-19] org.hibernate.SQL                        : 
    /* insert for
        com.platform.stock.domain.OrderItem */insert 
    into
        order_item (menu_id, menu_name, order_id, price, quantity, id) 
    values
        (?, ?, ?, ?, ?, default)
        m1_0.id=?
Hibernate: 
    /* insert for
        com.platform.stock.domain.OrderItem */insert 
    into
        order_item (menu_id, menu_name, order_id, price, quantity, id) 
    values
        (?, ?, ?, ?, ?, default)
2025-11-28T00:08:05.501+09:00 DEBUG 6108 --- [backend-prepare] [pool-3-thread-8] org.hibernate.SQL                        : 
    select
        m1_0.id,
        m1_0.name,
        m1_0.price,
        m1_0.stock,
        m1_0.version 
    from
        menu m1_0 
    where
        m1_0.id=?
Hibernate: 
    select
        m1_0.id,
        m1_0.name,
        m1_0.price,
        m1_0.stock,
        m1_0.version 
    from
        menu m1_0 
    where
        m1_0.id=?
2025-11-28T00:08:05.502+09:00 DEBUG 6108 --- [backend-prepare] [ool-3-thread-16] org.hibernate.SQL                        : 
    /* update
        for com.platform.stock.domain.Menu */update menu 
    set
        name=?,
        price=?,
        stock=?,
        version=? 
    where
        id=? 
        and version=?
Hibernate: 
    /* update
        for com.platform.stock.domain.Menu */update menu 
    set
        name=?,
        price=?,
        stock=?,
        version=? 
    where
        id=? 
        and version=?
2025-11-28T00:08:05.502+09:00 DEBUG 6108 --- [backend-prepare] [ool-3-thread-17] org.hibernate.SQL                        : 
    /* update
        for com.platform.stock.domain.Menu */update menu 
    set
        name=?,
        price=?,
        stock=?,
        version=? 
    where
        id=? 
        and version=?
Hibernate: 
    /* update
        for com.platform.stock.domain.Menu */update menu 
    set
        name=?,
        price=?,
        stock=?,
        version=? 
    where
        id=? 
        and version=?
2025-11-28T00:08:05.502+09:00 DEBUG 6108 --- [backend-prepare] [ool-3-thread-18] org.hibernate.SQL                        : 
    /* insert for
        com.platform.stock.domain.Order */insert 
    into
        orders (ordered_at, status, total_price, user_id, id) 
    values
        (?, ?, ?, ?, default)
2025-11-28T00:08:05.501+09:00 DEBUG 6108 --- [backend-prepare] [ool-3-thread-13] org.hibernate.SQL                        : 
Hibernate: 
    select
    /* insert for
        m1_0.id,
        com.platform.stock.domain.Order */insert 
        m1_0.name,
    into
        m1_0.price,
        orders (ordered_at, status, total_price, user_id, id) 
        m1_0.stock,
    values
        m1_0.version 
    from
        (?, ?, ?, ?, default)
        menu m1_0 
    where
        m1_0.id=?
Hibernate: 
    select
        m1_0.id,
        m1_0.name,
        m1_0.price,
        m1_0.stock,
        m1_0.version 
    from
        menu m1_0 
    where
        m1_0.id=?
2025-11-28T00:08:05.502+09:00 DEBUG 6108 --- [backend-prepare] [ool-3-thread-16] org.hibernate.SQL                        : 
    /* get version com.platform.stock.domain.Menu */ select
        version as version_ 
    from
        menu 
    where
        id=?
Hibernate: 
    /* insert for
        com.platform.stock.domain.OrderItem */insert 
    into
        order_item (menu_id, menu_name, order_id, price, quantity, id) 
    values
        (?, ?, ?, ?, ?, default)
2025-11-28T00:08:05.502+09:00 DEBUG 6108 --- [backend-prepare] [ool-3-thread-10] org.hibernate.SQL                        : 
    select
        m1_0.id,
        m1_0.name,
        m1_0.price,
        m1_0.stock,
        m1_0.version 
    from
        menu m1_0 
    where
        m1_0.id=?
Hibernate: 
    select
        m1_0.id,
        m1_0.name,
        m1_0.price,
        m1_0.stock,
        m1_0.version 
    from
        menu m1_0 
    where
        m1_0.id=?
2025-11-28T00:08:05.502+09:00 DEBUG 6108 --- [backend-prepare] [ool-3-thread-18] org.hibernate.SQL                        : 
    /* insert for
        com.platform.stock.domain.OrderItem */insert 
    into
        order_item (menu_id, menu_name, order_id, price, quantity, id) 
    values
        (?, ?, ?, ?, ?, default)
Hibernate: 
    /* insert for
        com.platform.stock.domain.OrderItem */insert 
    into
        order_item (menu_id, menu_name, order_id, price, quantity, id) 
    values
        (?, ?, ?, ?, ?, default)
2025-11-28T00:08:05.502+09:00 DEBUG 6108 --- [backend-prepare] [ool-3-thread-20] org.hibernate.SQL                        : 
    /* SELECT
        m 
    FROM
        Menu m 
    WHERE
        m.id = :id */ select
            m1_0.id,
            m1_0.name,
            m1_0.price,
            m1_0.stock,
            m1_0.version 
        from
            menu m1_0 
        where
            m1_0.id=?
Hibernate: 
    /* SELECT
        m 
    FROM
        Menu m 
    WHERE
        m.id = :id */ select
            m1_0.id,
            m1_0.name,
            m1_0.price,
            m1_0.stock,
            m1_0.version 
        from
            menu m1_0 
        where
            m1_0.id=?
2025-11-28T00:08:05.502+09:00 DEBUG 6108 --- [backend-prepare] [ool-3-thread-21] org.hibernate.SQL                        : 
    /* SELECT
        m 
    FROM
        Menu m 
    WHERE
        m.id = :id */ select
            m1_0.id,
            m1_0.name,
            m1_0.price,
            m1_0.stock,
            m1_0.version 
        from
            menu m1_0 
        where
            m1_0.id=?
Hibernate: 
    /* get version com.platform.stock.domain.Menu */ select
        version as version_ 
    from
        menu 
    where
        id=?
2025-11-28T00:08:05.502+09:00 DEBUG 6108 --- [backend-prepare] [ool-3-thread-18] org.hibernate.SQL                        : 
    /* update
        for com.platform.stock.domain.Menu */update menu 
    set
        name=?,
        price=?,
        stock=?,
        version=? 
    where
        id=? 
        and version=?
Hibernate: 
    /* update
        for com.platform.stock.domain.Menu */update menu 
    set
        name=?,
        price=?,
        stock=?,
        version=? 
    where
        id=? 
        and version=?
2025-11-28T00:08:05.502+09:00 DEBUG 6108 --- [backend-prepare] [ool-3-thread-23] org.hibernate.SQL                        : 
    /* SELECT
        m 
    FROM
        Menu m 
    WHERE
        m.id = :id */ select
            m1_0.id,
            m1_0.name,
            m1_0.price,
            m1_0.stock,
            m1_0.version 
        from
            menu m1_0 
        where
            m1_0.id=?
Hibernate: 
    /* SELECT
        m 
    FROM
        Menu m 
    WHERE
        m.id = :id */ select
            m1_0.id,
            m1_0.name,
            m1_0.price,
            m1_0.stock,
            m1_0.version 
        from
            menu m1_0 
        where
            m1_0.id=?
2025-11-28T00:08:05.503+09:00 DEBUG 6108 --- [backend-prepare] [ool-3-thread-18] org.hibernate.SQL                        : 
    select
        m1_0.id,
        m1_0.name,
        m1_0.price,
        m1_0.stock,
        m1_0.version 
    from
        menu m1_0 
    where
        m1_0.id=?
2025-11-28T00:08:05.503+09:00 DEBUG 6108 --- [backend-prepare] [ool-3-thread-17] org.hibernate.SQL                        : 
Hibernate: 
    select
    select
        m1_0.id,
        m1_0.id,
        m1_0.name,
        m1_0.name,
        m1_0.price,
        m1_0.price,
        m1_0.stock,
        m1_0.stock,
        m1_0.version 
        m1_0.version 
    from
    from
        menu m1_0 
        menu m1_0 
    where
    where
        m1_0.id=?
        m1_0.id=?
Hibernate: 
    select
        m1_0.id,
        m1_0.name,
        m1_0.price,
        m1_0.stock,
        m1_0.version 
    from
        menu m1_0 
    where
        m1_0.id=?
2025-11-28T00:08:05.502+09:00 DEBUG 6108 --- [backend-prepare] [ool-3-thread-22] org.hibernate.SQL                        : 
    /* SELECT
        m 
    FROM
        Menu m 
    WHERE
        m.id = :id */ select
            m1_0.id,
            m1_0.name,
            m1_0.price,
            m1_0.stock,
            m1_0.version 
        from
            menu m1_0 
        where
            m1_0.id=?
2025-11-28T00:08:05.503+09:00 DEBUG 6108 --- [backend-prepare] [ool-3-thread-19] org.hibernate.SQL                        : 
    /* update
        for com.platform.stock.domain.Menu */update menu 
    set
        name=?,
        price=?,
        stock=?,
        version=? 
Hibernate: 
    where
        id=? 
        and version=?
    /* SELECT
        m 
    FROM
        Menu m 
    WHERE
        m.id = :id */ select
            m1_0.id,
            m1_0.name,
            m1_0.price,
            m1_0.stock,
            m1_0.version 
        from
            menu m1_0 
        where
            m1_0.id=?
2025-11-28T00:08:05.503+09:00 DEBUG 6108 --- [backend-prepare] [ool-3-thread-23] org.hibernate.SQL                        : 
    /* insert for
        com.platform.stock.domain.Order */insert 
    into
        orders (ordered_at, status, total_price, user_id, id) 
    values
        (?, ?, ?, ?, default)
Hibernate: 
    /* insert for
        com.platform.stock.domain.Order */insert 
    into
        orders (ordered_at, status, total_price, user_id, id) 
    values
        (?, ?, ?, ?, default)
2025-11-28T00:08:05.503+09:00 DEBUG 6108 --- [backend-prepare] [ool-3-thread-20] org.hibernate.SQL                        : 
    /* insert for
        com.platform.stock.domain.Order */insert 
    into
        orders (ordered_at, status, total_price, user_id, id) 
    values
        (?, ?, ?, ?, default)
Hibernate: 
    /* insert for
        com.platform.stock.domain.Order */insert 
    into
        orders (ordered_at, status, total_price, user_id, id) 
    values
        (?, ?, ?, ?, default)
2025-11-28T00:08:05.503+09:00 DEBUG 6108 --- [backend-prepare] [ool-3-thread-27] org.hibernate.SQL                        : 
    /* SELECT
        m 
    FROM
        Menu m 
    WHERE
        m.id = :id */ select
            m1_0.id,
            m1_0.name,
            m1_0.price,
            m1_0.stock,
            m1_0.version 
        from
            menu m1_0 
        where
            m1_0.id=?
Hibernate: 
    /* SELECT
        m 
    FROM
        Menu m 
    WHERE
        m.id = :id */ select
            m1_0.id,
            m1_0.name,
            m1_0.price,
            m1_0.stock,
            m1_0.version 
        from
            menu m1_0 
        where
            m1_0.id=?
2025-11-28T00:08:05.503+09:00 DEBUG 6108 --- [backend-prepare] [ool-3-thread-20] org.hibernate.SQL                        : 
    /* insert for
        com.platform.stock.domain.OrderItem */insert 
    into
        order_item (menu_id, menu_name, order_id, price, quantity, id) 
    values
        (?, ?, ?, ?, ?, default)
Hibernate: 
    /* insert for
        com.platform.stock.domain.OrderItem */insert 
    into
        order_item (menu_id, menu_name, order_id, price, quantity, id) 
    values
        (?, ?, ?, ?, ?, default)
2025-11-28T00:08:05.503+09:00 DEBUG 6108 --- [backend-prepare] [pool-3-thread-1] org.hibernate.SQL                        : 
    select
        m1_0.id,
        m1_0.name,
        m1_0.price,
        m1_0.stock,
        m1_0.version 
    from
        menu m1_0 
    where
        m1_0.id=?
Hibernate: 
    select
        m1_0.id,
        m1_0.name,
        m1_0.price,
        m1_0.stock,
        m1_0.version 
    from
        menu m1_0 
    where
        m1_0.id=?
2025-11-28T00:08:05.503+09:00 DEBUG 6108 --- [backend-prepare] [ool-3-thread-25] org.hibernate.SQL                        : 
    /* SELECT
        m 
    FROM
        Menu m 
    WHERE
        m.id = :id */ select
            m1_0.id,
            m1_0.name,
            m1_0.price,
            m1_0.stock,
            m1_0.version 
        from
            menu m1_0 
        where
            m1_0.id=?
Hibernate: 
    /* SELECT
        m 
    FROM
        Menu m 
    WHERE
        m.id = :id */ select
            m1_0.id,
            m1_0.name,
            m1_0.price,
            m1_0.stock,
            m1_0.version 
        from
            menu m1_0 
        where
            m1_0.id=?
2025-11-28T00:08:05.504+09:00 DEBUG 6108 --- [backend-prepare] [ool-3-thread-27] org.hibernate.SQL                        : 
    /* insert for
        com.platform.stock.domain.Order */insert 
    into
        orders (ordered_at, status, total_price, user_id, id) 
    values
        (?, ?, ?, ?, default)
Hibernate: 
    /* insert for
        com.platform.stock.domain.Order */insert 
    into
        orders (ordered_at, status, total_price, user_id, id) 
    values
        (?, ?, ?, ?, default)
Hibernate: 
    /* SELECT
        m 
    FROM
        Menu m 
    WHERE
        m.id = :id */ select
            m1_0.id,
            m1_0.name,
            m1_0.price,
            m1_0.stock,
            m1_0.version 
        from
            menu m1_0 
        where
            m1_0.id=?
Hibernate: 
    /* update
        for com.platform.stock.domain.Menu */update menu 
    set
        name=?,
        price=?,
        stock=?,
        version=? 
    where
        id=? 
        and version=?
2025-11-28T00:08:05.503+09:00 DEBUG 6108 --- [backend-prepare] [ool-3-thread-24] org.hibernate.SQL                        : 
    /* SELECT
        m 
    FROM
        Menu m 
    WHERE
        m.id = :id */ select
            m1_0.id,
            m1_0.name,
            m1_0.price,
            m1_0.stock,
            m1_0.version 
        from
            menu m1_0 
        where
            m1_0.id=?
2025-11-28T00:08:05.503+09:00 DEBUG 6108 --- [backend-prepare] [ool-3-thread-23] org.hibernate.SQL                        : 
Hibernate: 
    /* insert for
    /* SELECT
        com.platform.stock.domain.OrderItem */insert 
        m 
    into
    FROM
        Menu m 
        order_item (menu_id, menu_name, order_id, price, quantity, id) 
    WHERE
    values
        m.id = :id */ select
        (?, ?, ?, ?, ?, default)
            m1_0.id,
            m1_0.name,
            m1_0.price,
            m1_0.stock,
            m1_0.version 
        from
            menu m1_0 
        where
            m1_0.id=?
2025-11-28T00:08:05.504+09:00 DEBUG 6108 --- [backend-prepare] [ool-3-thread-27] org.hibernate.SQL                        : 
    /* insert for
        com.platform.stock.domain.OrderItem */insert 
    into
        order_item (menu_id, menu_name, order_id, price, quantity, id) 
    values
        (?, ?, ?, ?, ?, default)
Hibernate: 
    /* insert for
        com.platform.stock.domain.OrderItem */insert 
    into
        order_item (menu_id, menu_name, order_id, price, quantity, id) 
    values
        (?, ?, ?, ?, ?, default)
2025-11-28T00:08:05.504+09:00 DEBUG 6108 --- [backend-prepare] [ool-3-thread-20] org.hibernate.SQL                        : 
    /* update
        for com.platform.stock.domain.Menu */update menu 
    set
        name=?,
        price=?,
        stock=?,
        version=? 
    where
        id=? 
        and version=?
Hibernate: 
    /* update
        for com.platform.stock.domain.Menu */update menu 
    set
        name=?,
        price=?,
        stock=?,
        version=? 
    where
        id=? 
        and version=?
2025-11-28T00:08:05.504+09:00 DEBUG 6108 --- [backend-prepare] [ool-3-thread-28] org.hibernate.SQL                        : 
    /* SELECT
        m 
    FROM
        Menu m 
    WHERE
        m.id = :id */ select
            m1_0.id,
            m1_0.name,
            m1_0.price,
            m1_0.stock,
            m1_0.version 
        from
            menu m1_0 
        where
            m1_0.id=?
Hibernate: 
    /* insert for
        com.platform.stock.domain.OrderItem */insert 
    into
        order_item (menu_id, menu_name, order_id, price, quantity, id) 
    values
        (?, ?, ?, ?, ?, default)
2025-11-28T00:08:05.504+09:00 DEBUG 6108 --- [backend-prepare] [ool-3-thread-26] org.hibernate.SQL                        : 
    /* SELECT
        m 
    FROM
        Menu m 
    WHERE
        m.id = :id */ select
            m1_0.id,
            m1_0.name,
            m1_0.price,
            m1_0.stock,
            m1_0.version 
        from
            menu m1_0 
        where
            m1_0.id=?
Hibernate: 
    /* SELECT
2025-11-28T00:08:05.504+09:00 DEBUG 6108 --- [backend-prepare] [ool-3-thread-22] org.hibernate.SQL                        : 
        m 
    /* insert for
    FROM
        com.platform.stock.domain.Order */insert 
        Menu m 
    WHERE
    into
        orders (ordered_at, status, total_price, user_id, id) 
        m.id = :id */ select
    values
            m1_0.id,
        (?, ?, ?, ?, default)
            m1_0.name,
            m1_0.price,
            m1_0.stock,
            m1_0.version 
        from
2025-11-28T00:08:05.504+09:00 DEBUG 6108 --- [backend-prepare] [ool-3-thread-21] org.hibernate.SQL                        : 
            menu m1_0 
    /* insert for
        where
        com.platform.stock.domain.Order */insert 
    into
        orders (ordered_at, status, total_price, user_id, id) 
    values
            m1_0.id=?
        (?, ?, ?, ?, default)
Hibernate: 
    /* insert for
        com.platform.stock.domain.Order */insert 
    into
        orders (ordered_at, status, total_price, user_id, id) 
    values
        (?, ?, ?, ?, default)
2025-11-28T00:08:05.504+09:00 DEBUG 6108 --- [backend-prepare] [ool-3-thread-25] org.hibernate.SQL                        : 
    /* insert for
        com.platform.stock.domain.Order */insert 
    into
        orders (ordered_at, status, total_price, user_id, id) 
    values
        (?, ?, ?, ?, default)
2025-11-28T00:08:05.505+09:00 DEBUG 6108 --- [backend-prepare] [ool-3-thread-20] org.hibernate.SQL                        : 
    /* get version com.platform.stock.domain.Menu */ select
        version as version_ 
    from
        menu 
    where
        id=?
Hibernate: 
    /* insert for
        com.platform.stock.domain.Order */insert 
    into
        orders (ordered_at, status, total_price, user_id, id) 
    values
        (?, ?, ?, ?, default)
2025-11-28T00:08:05.505+09:00 DEBUG 6108 --- [backend-prepare] [ool-3-thread-19] org.hibernate.SQL                        : 
    select
        m1_0.id,
        m1_0.name,
        m1_0.price,
        m1_0.stock,
        m1_0.version 
    from
        menu m1_0 
    where
        m1_0.id=?
Hibernate: 
    /* SELECT
        m 
    FROM
        Menu m 
    WHERE
        m.id = :id */ select
            m1_0.id,
            m1_0.name,
            m1_0.price,
            m1_0.stock,
            m1_0.version 
        from
            menu m1_0 
        where
            m1_0.id=?
Hibernate: 
    select
        m1_0.id,
        m1_0.name,
        m1_0.price,
        m1_0.stock,
        m1_0.version 
    from
        menu m1_0 
    where
        m1_0.id=?
2025-11-28T00:08:05.505+09:00 DEBUG 6108 --- [backend-prepare] [ool-3-thread-24] org.hibernate.SQL                        : 
    /* insert for
        com.platform.stock.domain.Order */insert 
    into
        orders (ordered_at, status, total_price, user_id, id) 
    values
        (?, ?, ?, ?, default)
Hibernate: 
    /* insert for
        com.platform.stock.domain.Order */insert 
    into
        orders (ordered_at, status, total_price, user_id, id) 
    values
        (?, ?, ?, ?, default)
2025-11-28T00:08:05.505+09:00 DEBUG 6108 --- [backend-prepare] [ool-3-thread-22] org.hibernate.SQL                        : 
    /* insert for
        com.platform.stock.domain.OrderItem */insert 
    into
        order_item (menu_id, menu_name, order_id, price, quantity, id) 
    values
        (?, ?, ?, ?, ?, default)
Hibernate: 
    /* insert for
        com.platform.stock.domain.OrderItem */insert 
    into
        order_item (menu_id, menu_name, order_id, price, quantity, id) 
    values
        (?, ?, ?, ?, ?, default)
2025-11-28T00:08:05.505+09:00 DEBUG 6108 --- [backend-prepare] [ool-3-thread-23] org.hibernate.SQL                        : 
    /* update
        for com.platform.stock.domain.Menu */update menu 
    set
        name=?,
        price=?,
        stock=?,
        version=? 
    where
        id=? 
        and version=?
Hibernate: 
    /* update
        for com.platform.stock.domain.Menu */update menu 
    set
        name=?,
        price=?,
        stock=?,
        version=? 
    where
        id=? 
        and version=?
2025-11-28T00:08:05.505+09:00 DEBUG 6108 --- [backend-prepare] [ool-3-thread-24] org.hibernate.SQL                        : 
    /* insert for
        com.platform.stock.domain.OrderItem */insert 
    into
        order_item (menu_id, menu_name, order_id, price, quantity, id) 
    values
        (?, ?, ?, ?, ?, default)
Hibernate: 
    /* insert for
        com.platform.stock.domain.OrderItem */insert 
    into
        order_item (menu_id, menu_name, order_id, price, quantity, id) 
    values
        (?, ?, ?, ?, ?, default)
Hibernate: 
    /* get version com.platform.stock.domain.Menu */ select
        version as version_ 
    from
        menu 
    where
        id=?
2025-11-28T00:08:05.505+09:00 DEBUG 6108 --- [backend-prepare] [ool-3-thread-27] org.hibernate.SQL                        : 
    /* update
        for com.platform.stock.domain.Menu */update menu 
    set
        name=?,
        price=?,
        stock=?,
        version=? 
    where
        id=? 
        and version=?
Hibernate: 
    /* update
        for com.platform.stock.domain.Menu */update menu 
    set
2025-11-28T00:08:05.505+09:00 DEBUG 6108 --- [backend-prepare] [ool-3-thread-22] org.hibernate.SQL                        : 
    /* update
        for com.platform.stock.domain.Menu */update menu 
        name=?,
        price=?,
        stock=?,
        version=? 
    where
        id=? 
        and version=?
    set
        name=?,
        price=?,
        stock=?,
        version=? 
    where
        id=? 
        and version=?
Hibernate: 
    /* insert for
        com.platform.stock.domain.Order */insert 
    into
        orders (ordered_at, status, total_price, user_id, id) 
    values
        (?, ?, ?, ?, default)
Hibernate: 
2025-11-28T00:08:05.505+09:00 DEBUG 6108 --- [backend-prepare] [ool-3-thread-25] org.hibernate.SQL                        : 
    /* update
    /* insert for
        for com.platform.stock.domain.Menu */update menu 
    set
        com.platform.stock.domain.OrderItem */insert 
        name=?,
    into
        price=?,
        stock=?,
        order_item (menu_id, menu_name, order_id, price, quantity, id) 
    values
        version=? 
        (?, ?, ?, ?, ?, default)
    where
        id=? 
        and version=?
2025-11-28T00:08:05.505+09:00 DEBUG 6108 --- [backend-prepare] [ool-3-thread-28] org.hibernate.SQL                        : 
    /* insert for
        com.platform.stock.domain.Order */insert 
    into
        orders (ordered_at, status, total_price, user_id, id) 
    values
        (?, ?, ?, ?, default)
Hibernate: 
    /* insert for
        com.platform.stock.domain.Order */insert 
    into
        orders (ordered_at, status, total_price, user_id, id) 
    values
        (?, ?, ?, ?, default)
2025-11-28T00:08:05.505+09:00 DEBUG 6108 --- [backend-prepare] [ool-3-thread-26] org.hibernate.SQL                        : 
    /* insert for
        com.platform.stock.domain.Order */insert 
    into
        orders (ordered_at, status, total_price, user_id, id) 
    values
        (?, ?, ?, ?, default)
Hibernate: 
    /* insert for
        com.platform.stock.domain.Order */insert 
    into
        orders (ordered_at, status, total_price, user_id, id) 
    values
        (?, ?, ?, ?, default)
Hibernate: 
    /* insert for
2025-11-28T00:08:05.505+09:00 DEBUG 6108 --- [backend-prepare] [ool-3-thread-24] org.hibernate.SQL                        : 
        com.platform.stock.domain.OrderItem */insert 
    into
    /* update
        order_item (menu_id, menu_name, order_id, price, quantity, id) 
        for com.platform.stock.domain.Menu */update menu 
    values
    set
        name=?,
        price=?,
        (?, ?, ?, ?, ?, default)
        stock=?,
        version=? 
    where
        id=? 
        and version=?
Hibernate: 
    /* update
        for com.platform.stock.domain.Menu */update menu 
2025-11-28T00:08:05.506+09:00 DEBUG 6108 --- [backend-prepare] [ool-3-thread-27] org.hibernate.SQL                        : 
    select
        m1_0.id,
        m1_0.name,
    set
        name=?,
        price=?,
        stock=?,
        version=? 
    where
        id=? 
        and version=?
        m1_0.price,
        m1_0.stock,
        m1_0.version 
    from
        menu m1_0 
    where
        m1_0.id=?
Hibernate: 
    select
        m1_0.id,
        m1_0.name,
        m1_0.price,
        m1_0.stock,
2025-11-28T00:08:05.506+09:00 DEBUG 6108 --- [backend-prepare] [ool-3-thread-29] org.hibernate.SQL                        : 
    /* SELECT
        m1_0.version 
        m 
    FROM
        Menu m 
    WHERE
        m.id = :id */ select
            m1_0.id,
            m1_0.name,
            m1_0.price,
    from
        menu m1_0 
    where
        m1_0.id=?
            m1_0.stock,
            m1_0.version 
        from
            menu m1_0 
        where
            m1_0.id=?
Hibernate: 
    /* SELECT
        m 
    FROM
        Menu m 
    WHERE
        m.id = :id */ select
            m1_0.id,
            m1_0.name,
            m1_0.price,
            m1_0.stock,
            m1_0.version 
        from
            menu m1_0 
        where
            m1_0.id=?
2025-11-28T00:08:05.506+09:00 DEBUG 6108 --- [backend-prepare] [ool-3-thread-21] org.hibernate.SQL                        : 
    /* insert for
        com.platform.stock.domain.OrderItem */insert 
    into
        order_item (menu_id, menu_name, order_id, price, quantity, id) 
    values
        (?, ?, ?, ?, ?, default)
Hibernate: 
    /* insert for
        com.platform.stock.domain.OrderItem */insert 
    into
        order_item (menu_id, menu_name, order_id, price, quantity, id) 
    values
        (?, ?, ?, ?, ?, default)
2025-11-28T00:08:05.506+09:00 DEBUG 6108 --- [backend-prepare] [ool-3-thread-24] org.hibernate.SQL                        : 
    select
        m1_0.id,
        m1_0.name,
        m1_0.price,
        m1_0.stock,
        m1_0.version 
    from
        menu m1_0 
    where
        m1_0.id=?
Hibernate: 
    select
        m1_0.id,
        m1_0.name,
        m1_0.price,
        m1_0.stock,
        m1_0.version 
    from
        menu m1_0 
    where
        m1_0.id=?
2025-11-28T00:08:05.506+09:00 DEBUG 6108 --- [backend-prepare] [ool-3-thread-25] org.hibernate.SQL                        : 
    /* update
        for com.platform.stock.domain.Menu */update menu 
    set
        name=?,
        price=?,
        stock=?,
        version=? 
    where
        id=? 
        and version=?
Hibernate: 
    /* update
        for com.platform.stock.domain.Menu */update menu 
    set
        name=?,
        price=?,
        stock=?,
        version=? 
    where
        id=? 
        and version=?
2025-11-28T00:08:05.506+09:00 DEBUG 6108 --- [backend-prepare] [ool-3-thread-28] org.hibernate.SQL                        : 
    /* insert for
        com.platform.stock.domain.OrderItem */insert 
    into
        order_item (menu_id, menu_name, order_id, price, quantity, id) 
    values
        (?, ?, ?, ?, ?, default)
Hibernate: 
    /* insert for
        com.platform.stock.domain.OrderItem */insert 
    into
        order_item (menu_id, menu_name, order_id, price, quantity, id) 
    values
        (?, ?, ?, ?, ?, default)
2025-11-28T00:08:05.506+09:00 DEBUG 6108 --- [backend-prepare] [ool-3-thread-29] org.hibernate.SQL                        : 
    /* insert for
        com.platform.stock.domain.Order */insert 
    into
        orders (ordered_at, status, total_price, user_id, id) 
    values
        (?, ?, ?, ?, default)
Hibernate: 
    /* insert for
        com.platform.stock.domain.Order */insert 
    into
        orders (ordered_at, status, total_price, user_id, id) 
    values
        (?, ?, ?, ?, default)
2025-11-28T00:08:05.506+09:00 DEBUG 6108 --- [backend-prepare] [ool-3-thread-25] org.hibernate.SQL                        : 
    select
        m1_0.id,
        m1_0.name,
        m1_0.price,
        m1_0.stock,
        m1_0.version 
    from
        menu m1_0 
    where
        m1_0.id=?
Hibernate: 
    select
        m1_0.id,
        m1_0.name,
        m1_0.price,
        m1_0.stock,
        m1_0.version 
    from
        menu m1_0 
    where
        m1_0.id=?
2025-11-28T00:08:05.506+09:00 DEBUG 6108 --- [backend-prepare] [ool-3-thread-29] org.hibernate.SQL                        : 
    /* insert for
        com.platform.stock.domain.OrderItem */insert 
    into
        order_item (menu_id, menu_name, order_id, price, quantity, id) 
    values
        (?, ?, ?, ?, ?, default)
Hibernate: 
    /* insert for
        com.platform.stock.domain.OrderItem */insert 
    into
        order_item (menu_id, menu_name, order_id, price, quantity, id) 
    values
        (?, ?, ?, ?, ?, default)
2025-11-28T00:08:05.506+09:00 DEBUG 6108 --- [backend-prepare] [ool-3-thread-22] org.hibernate.SQL                        : 
    select
        m1_0.id,
        m1_0.name,
        m1_0.price,
        m1_0.stock,
        m1_0.version 
    from
        menu m1_0 
    where
        m1_0.id=?
Hibernate: 
    select
        m1_0.id,
        m1_0.name,
        m1_0.price,
        m1_0.stock,
        m1_0.version 
    from
        menu m1_0 
    where
        m1_0.id=?
2025-11-28T00:08:05.507+09:00 DEBUG 6108 --- [backend-prepare] [ool-3-thread-28] org.hibernate.SQL                        : 
    /* update
        for com.platform.stock.domain.Menu */update menu 
    set
        name=?,
        price=?,
        stock=?,
        version=? 
    where
        id=? 
        and version=?
Hibernate: 
    /* update
        for com.platform.stock.domain.Menu */update menu 
    set
        name=?,
        price=?,
        stock=?,
        version=? 
    where
        id=? 
        and version=?
2025-11-28T00:08:05.507+09:00 DEBUG 6108 --- [backend-prepare] [ool-3-thread-21] org.hibernate.SQL                        : 
    /* update
        for com.platform.stock.domain.Menu */update menu 
    set
        name=?,
        price=?,
        stock=?,
        version=? 
    where
        id=? 
        and version=?
Hibernate: 
    /* update
        for com.platform.stock.domain.Menu */update menu 
    set
        name=?,
        price=?,
        stock=?,
        version=? 
    where
        id=? 
        and version=?
2025-11-28T00:08:05.507+09:00 DEBUG 6108 --- [backend-prepare] [ool-3-thread-28] org.hibernate.SQL                        : 
    select
        m1_0.id,
        m1_0.name,
        m1_0.price,
        m1_0.stock,
        m1_0.version 
    from
        menu m1_0 
    where
        m1_0.id=?
Hibernate: 
    select
        m1_0.id,
        m1_0.name,
        m1_0.price,
        m1_0.stock,
        m1_0.version 
    from
        menu m1_0 
    where
        m1_0.id=?
2025-11-28T00:08:05.507+09:00 DEBUG 6108 --- [backend-prepare] [ool-3-thread-21] org.hibernate.SQL                        : 
    select
        m1_0.id,
        m1_0.name,
        m1_0.price,
        m1_0.stock,
        m1_0.version 
    from
        menu m1_0 
    where
        m1_0.id=?
Hibernate: 
    select
        m1_0.id,
        m1_0.name,
        m1_0.price,
        m1_0.stock,
        m1_0.version 
    from
        menu m1_0 
    where
        m1_0.id=?
2025-11-28T00:08:05.507+09:00 DEBUG 6108 --- [backend-prepare] [ool-3-thread-33] org.hibernate.SQL                        : 
    /* SELECT
        m 
    FROM
        Menu m 
    WHERE
        m.id = :id */ select
            m1_0.id,
            m1_0.name,
            m1_0.price,
            m1_0.stock,
            m1_0.version 
        from
            menu m1_0 
        where
            m1_0.id=?
Hibernate: 
    /* SELECT
        m 
    FROM
        Menu m 
    WHERE
        m.id = :id */ select
            m1_0.id,
            m1_0.name,
            m1_0.price,
            m1_0.stock,
            m1_0.version 
        from
            menu m1_0 
        where
            m1_0.id=?
2025-11-28T00:08:05.507+09:00 DEBUG 6108 --- [backend-prepare] [ool-3-thread-35] org.hibernate.SQL                        : 
    /* SELECT
        m 
    FROM
        Menu m 
    WHERE
        m.id = :id */ select
            m1_0.id,
            m1_0.name,
            m1_0.price,
            m1_0.stock,
            m1_0.version 
        from
            menu m1_0 
        where
            m1_0.id=?
Hibernate: 
    /* SELECT
        m 
    FROM
        Menu m 
    WHERE
        m.id = :id */ select
            m1_0.id,
            m1_0.name,
            m1_0.price,
            m1_0.stock,
            m1_0.version 
        from
            menu m1_0 
        where
            m1_0.id=?
2025-11-28T00:08:05.506+09:00 DEBUG 6108 --- [backend-prepare] [ool-3-thread-23] org.hibernate.SQL                        : 
    select
        m1_0.id,
        m1_0.name,
        m1_0.price,
        m1_0.stock,
        m1_0.version 
    from
        menu m1_0 
    where
        m1_0.id=?
Hibernate: 
    select
        m1_0.id,
        m1_0.name,
        m1_0.price,
        m1_0.stock,
        m1_0.version 
    from
        menu m1_0 
    where
        m1_0.id=?
2025-11-28T00:08:05.507+09:00 DEBUG 6108 --- [backend-prepare] [ool-3-thread-32] org.hibernate.SQL                        : 
    /* SELECT
        m 
    FROM
        Menu m 
    WHERE
        m.id = :id */ select
            m1_0.id,
            m1_0.name,
            m1_0.price,
            m1_0.stock,
            m1_0.version 
        from
            menu m1_0 
        where
            m1_0.id=?
Hibernate: 
    /* SELECT
        m 
    FROM
        Menu m 
    WHERE
        m.id = :id */ select
            m1_0.id,
            m1_0.name,
            m1_0.price,
            m1_0.stock,
            m1_0.version 
        from
            menu m1_0 
        where
            m1_0.id=?
[...]
            m1_0.name,
            m1_0.price,
            m1_0.stock,
            m1_0.version 
        from
            menu m1_0 
        where
            m1_0.id=? for update
Hibernate: 
    /* SELECT
        m 
    FROM
        Menu m 
    WHERE
        m.id = :id */ select
            m1_0.id,
            m1_0.name,
            m1_0.price,
            m1_0.stock,
            m1_0.version 
        from
            menu m1_0 
        where
            m1_0.id=? for update
2025-11-28T00:08:12.511+09:00 DEBUG 6108 --- [backend-prepare] [ool-5-thread-76] org.hibernate.SQL                        : 
    /* SELECT
        m 
    FROM
        Menu m 
    WHERE
        m.id = :id */ select
            m1_0.id,
            m1_0.name,
            m1_0.price,
            m1_0.stock,
            m1_0.version 
        from
            menu m1_0 
        where
            m1_0.id=? for update
Hibernate: 
    /* SELECT
        m 
    FROM
        Menu m 
    WHERE
        m.id = :id */ select
            m1_0.id,
            m1_0.name,
            m1_0.price,
            m1_0.stock,
            m1_0.version 
        from
            menu m1_0 
        where
            m1_0.id=? for update
2025-11-28T00:08:12.616+09:00 DEBUG 6108 --- [backend-prepare] [ool-5-thread-77] org.hibernate.SQL                        : 
    /* SELECT
        m 
    FROM
        Menu m 
    WHERE
        m.id = :id */ select
            m1_0.id,
            m1_0.name,
            m1_0.price,
            m1_0.stock,
            m1_0.version 
        from
            menu m1_0 
        where
            m1_0.id=? for update
Hibernate: 
    /* SELECT
        m 
    FROM
        Menu m 
    WHERE
        m.id = :id */ select
            m1_0.id,
            m1_0.name,
            m1_0.price,
            m1_0.stock,
            m1_0.version 
        from
            menu m1_0 
        where
            m1_0.id=? for update
2025-11-28T00:08:12.722+09:00 DEBUG 6108 --- [backend-prepare] [ool-5-thread-78] org.hibernate.SQL                        : 
    /* SELECT
        m 
    FROM
        Menu m 
    WHERE
        m.id = :id */ select
            m1_0.id,
            m1_0.name,
            m1_0.price,
            m1_0.stock,
            m1_0.version 
        from
            menu m1_0 
        where
            m1_0.id=? for update
Hibernate: 
    /* SELECT
        m 
    FROM
        Menu m 
    WHERE
        m.id = :id */ select
            m1_0.id,
            m1_0.name,
            m1_0.price,
            m1_0.stock,
            m1_0.version 
        from
            menu m1_0 
        where
            m1_0.id=? for update
2025-11-28T00:08:12.826+09:00 DEBUG 6108 --- [backend-prepare] [ool-5-thread-79] org.hibernate.SQL                        : 
    /* SELECT
        m 
    FROM
        Menu m 
    WHERE
        m.id = :id */ select
            m1_0.id,
            m1_0.name,
            m1_0.price,
            m1_0.stock,
            m1_0.version 
        from
            menu m1_0 
        where
            m1_0.id=? for update
Hibernate: 
    /* SELECT
        m 
    FROM
        Menu m 
    WHERE
        m.id = :id */ select
            m1_0.id,
            m1_0.name,
            m1_0.price,
            m1_0.stock,
            m1_0.version 
        from
            menu m1_0 
        where
            m1_0.id=? for update
2025-11-28T00:08:12.930+09:00 DEBUG 6108 --- [backend-prepare] [ool-5-thread-80] org.hibernate.SQL                        : 
    /* SELECT
        m 
    FROM
        Menu m 
    WHERE
        m.id = :id */ select
            m1_0.id,
            m1_0.name,
            m1_0.price,
            m1_0.stock,
            m1_0.version 
        from
            menu m1_0 
        where
            m1_0.id=? for update
Hibernate: 
    /* SELECT
        m 
    FROM
        Menu m 
    WHERE
        m.id = :id */ select
            m1_0.id,
            m1_0.name,
            m1_0.price,
            m1_0.stock,
            m1_0.version 
        from
            menu m1_0 
        where
            m1_0.id=? for update
2025-11-28T00:08:13.036+09:00 DEBUG 6108 --- [backend-prepare] [ool-5-thread-81] org.hibernate.SQL                        : 
    /* SELECT
        m 
    FROM
        Menu m 
    WHERE
        m.id = :id */ select
            m1_0.id,
            m1_0.name,
            m1_0.price,
            m1_0.stock,
            m1_0.version 
        from
            menu m1_0 
        where
            m1_0.id=? for update
Hibernate: 
    /* SELECT
        m 
    FROM
        Menu m 
    WHERE
        m.id = :id */ select
            m1_0.id,
            m1_0.name,
            m1_0.price,
            m1_0.stock,
            m1_0.version 
        from
            menu m1_0 
        where
            m1_0.id=? for update
2025-11-28T00:08:13.141+09:00 DEBUG 6108 --- [backend-prepare] [ool-5-thread-82] org.hibernate.SQL                        : 
    /* SELECT
        m 
    FROM
        Menu m 
    WHERE
        m.id = :id */ select
            m1_0.id,
            m1_0.name,
            m1_0.price,
            m1_0.stock,
            m1_0.version 
        from
            menu m1_0 
        where
            m1_0.id=? for update
Hibernate: 
    /* SELECT
        m 
    FROM
        Menu m 
    WHERE
        m.id = :id */ select
            m1_0.id,
            m1_0.name,
            m1_0.price,
            m1_0.stock,
            m1_0.version 
        from
            menu m1_0 
        where
            m1_0.id=? for update
2025-11-28T00:08:13.247+09:00 DEBUG 6108 --- [backend-prepare] [ool-5-thread-83] org.hibernate.SQL                        : 
    /* SELECT
        m 
    FROM
        Menu m 
    WHERE
        m.id = :id */ select
            m1_0.id,
            m1_0.name,
            m1_0.price,
            m1_0.stock,
            m1_0.version 
        from
            menu m1_0 
        where
            m1_0.id=? for update
Hibernate: 
    /* SELECT
        m 
    FROM
        Menu m 
    WHERE
        m.id = :id */ select
            m1_0.id,
            m1_0.name,
            m1_0.price,
            m1_0.stock,
            m1_0.version 
        from
            menu m1_0 
        where
            m1_0.id=? for update
2025-11-28T00:08:13.352+09:00 DEBUG 6108 --- [backend-prepare] [ool-5-thread-84] org.hibernate.SQL                        : 
    /* SELECT
        m 
    FROM
        Menu m 
    WHERE
        m.id = :id */ select
            m1_0.id,
            m1_0.name,
            m1_0.price,
            m1_0.stock,
            m1_0.version 
        from
            menu m1_0 
        where
            m1_0.id=? for update
Hibernate: 
    /* SELECT
        m 
    FROM
        Menu m 
    WHERE
        m.id = :id */ select
            m1_0.id,
            m1_0.name,
            m1_0.price,
            m1_0.stock,
            m1_0.version 
        from
            menu m1_0 
        where
            m1_0.id=? for update
2025-11-28T00:08:13.456+09:00 DEBUG 6108 --- [backend-prepare] [ool-5-thread-85] org.hibernate.SQL                        : 
    /* SELECT
        m 
    FROM
        Menu m 
    WHERE
        m.id = :id */ select
            m1_0.id,
            m1_0.name,
            m1_0.price,
            m1_0.stock,
            m1_0.version 
        from
            menu m1_0 
        where
            m1_0.id=? for update
Hibernate: 
    /* SELECT
        m 
    FROM
        Menu m 
    WHERE
        m.id = :id */ select
            m1_0.id,
            m1_0.name,
            m1_0.price,
            m1_0.stock,
            m1_0.version 
        from
            menu m1_0 
        where
            m1_0.id=? for update
2025-11-28T00:08:13.561+09:00 DEBUG 6108 --- [backend-prepare] [ool-5-thread-86] org.hibernate.SQL                        : 
    /* SELECT
        m 
    FROM
        Menu m 
    WHERE
        m.id = :id */ select
            m1_0.id,
            m1_0.name,
            m1_0.price,
            m1_0.stock,
            m1_0.version 
        from
            menu m1_0 
        where
            m1_0.id=? for update
Hibernate: 
    /* SELECT
        m 
    FROM
        Menu m 
    WHERE
        m.id = :id */ select
            m1_0.id,
            m1_0.name,
            m1_0.price,
            m1_0.stock,
            m1_0.version 
        from
            menu m1_0 
        where
            m1_0.id=? for update
2025-11-28T00:08:13.668+09:00 DEBUG 6108 --- [backend-prepare] [ool-5-thread-87] org.hibernate.SQL                        : 
    /* SELECT
        m 
    FROM
        Menu m 
    WHERE
        m.id = :id */ select
            m1_0.id,
            m1_0.name,
            m1_0.price,
            m1_0.stock,
            m1_0.version 
        from
            menu m1_0 
        where
            m1_0.id=? for update
Hibernate: 
    /* SELECT
        m 
    FROM
        Menu m 
    WHERE
        m.id = :id */ select
            m1_0.id,
            m1_0.name,
            m1_0.price,
            m1_0.stock,
            m1_0.version 
        from
            menu m1_0 
        where
            m1_0.id=? for update
2025-11-28T00:08:13.773+09:00 DEBUG 6108 --- [backend-prepare] [ool-5-thread-88] org.hibernate.SQL                        : 
    /* SELECT
        m 
    FROM
        Menu m 
    WHERE
        m.id = :id */ select
            m1_0.id,
            m1_0.name,
            m1_0.price,
            m1_0.stock,
            m1_0.version 
        from
            menu m1_0 
        where
            m1_0.id=? for update
Hibernate: 
    /* SELECT
        m 
    FROM
        Menu m 
    WHERE
        m.id = :id */ select
            m1_0.id,
            m1_0.name,
            m1_0.price,
            m1_0.stock,
            m1_0.version 
        from
            menu m1_0 
        where
            m1_0.id=? for update
2025-11-28T00:08:13.876+09:00 DEBUG 6108 --- [backend-prepare] [ool-5-thread-89] org.hibernate.SQL                        : 
    /* SELECT
        m 
    FROM
        Menu m 
    WHERE
        m.id = :id */ select
            m1_0.id,
            m1_0.name,
            m1_0.price,
            m1_0.stock,
            m1_0.version 
        from
            menu m1_0 
        where
            m1_0.id=? for update
Hibernate: 
    /* SELECT
        m 
    FROM
        Menu m 
    WHERE
        m.id = :id */ select
            m1_0.id,
            m1_0.name,
            m1_0.price,
            m1_0.stock,
            m1_0.version 
        from
            menu m1_0 
        where
            m1_0.id=? for update
2025-11-28T00:08:13.981+09:00 DEBUG 6108 --- [backend-prepare] [ool-5-thread-90] org.hibernate.SQL                        : 
    /* SELECT
        m 
    FROM
        Menu m 
    WHERE
        m.id = :id */ select
            m1_0.id,
            m1_0.name,
            m1_0.price,
            m1_0.stock,
            m1_0.version 
        from
            menu m1_0 
        where
            m1_0.id=? for update
Hibernate: 
    /* SELECT
        m 
    FROM
        Menu m 
    WHERE
        m.id = :id */ select
            m1_0.id,
            m1_0.name,
            m1_0.price,
            m1_0.stock,
            m1_0.version 
        from
            menu m1_0 
        where
            m1_0.id=? for update
2025-11-28T00:08:14.086+09:00 DEBUG 6108 --- [backend-prepare] [ool-5-thread-91] org.hibernate.SQL                        : 
    /* SELECT
        m 
    FROM
        Menu m 
    WHERE
        m.id = :id */ select
            m1_0.id,
            m1_0.name,
            m1_0.price,
            m1_0.stock,
            m1_0.version 
        from
            menu m1_0 
        where
            m1_0.id=? for update
Hibernate: 
    /* SELECT
        m 
    FROM
        Menu m 
    WHERE
        m.id = :id */ select
            m1_0.id,
            m1_0.name,
            m1_0.price,
            m1_0.stock,
            m1_0.version 
        from
            menu m1_0 
        where
            m1_0.id=? for update
2025-11-28T00:08:14.189+09:00 DEBUG 6108 --- [backend-prepare] [ool-5-thread-92] org.hibernate.SQL                        : 
    /* SELECT
        m 
    FROM
        Menu m 
    WHERE
        m.id = :id */ select
            m1_0.id,
            m1_0.name,
            m1_0.price,
            m1_0.stock,
            m1_0.version 
        from
            menu m1_0 
        where
            m1_0.id=? for update
Hibernate: 
    /* SELECT
        m 
    FROM
        Menu m 
    WHERE
        m.id = :id */ select
            m1_0.id,
            m1_0.name,
            m1_0.price,
            m1_0.stock,
            m1_0.version 
        from
            menu m1_0 
        where
            m1_0.id=? for update
2025-11-28T00:08:14.294+09:00 DEBUG 6108 --- [backend-prepare] [ool-5-thread-93] org.hibernate.SQL                        : 
    /* SELECT
        m 
    FROM
        Menu m 
    WHERE
        m.id = :id */ select
            m1_0.id,
            m1_0.name,
            m1_0.price,
            m1_0.stock,
            m1_0.version 
        from
            menu m1_0 
        where
            m1_0.id=? for update
Hibernate: 
    /* SELECT
        m 
    FROM
        Menu m 
    WHERE
        m.id = :id */ select
            m1_0.id,
            m1_0.name,
            m1_0.price,
            m1_0.stock,
            m1_0.version 
        from
            menu m1_0 
        where
            m1_0.id=? for update
2025-11-28T00:08:14.397+09:00 DEBUG 6108 --- [backend-prepare] [ool-5-thread-94] org.hibernate.SQL                        : 
    /* SELECT
        m 
    FROM
        Menu m 
    WHERE
        m.id = :id */ select
            m1_0.id,
            m1_0.name,
            m1_0.price,
            m1_0.stock,
            m1_0.version 
        from
            menu m1_0 
        where
            m1_0.id=? for update
Hibernate: 
    /* SELECT
        m 
    FROM
        Menu m 
    WHERE
        m.id = :id */ select
            m1_0.id,
            m1_0.name,
            m1_0.price,
            m1_0.stock,
            m1_0.version 
        from
            menu m1_0 
        where
            m1_0.id=? for update
2025-11-28T00:08:14.503+09:00 DEBUG 6108 --- [backend-prepare] [ool-5-thread-95] org.hibernate.SQL                        : 
    /* SELECT
        m 
    FROM
        Menu m 
    WHERE
        m.id = :id */ select
            m1_0.id,
            m1_0.name,
            m1_0.price,
            m1_0.stock,
            m1_0.version 
        from
            menu m1_0 
        where
            m1_0.id=? for update
Hibernate: 
    /* SELECT
        m 
    FROM
        Menu m 
    WHERE
        m.id = :id */ select
            m1_0.id,
            m1_0.name,
            m1_0.price,
            m1_0.stock,
            m1_0.version 
        from
            menu m1_0 
        where
            m1_0.id=? for update
2025-11-28T00:08:14.604+09:00 DEBUG 6108 --- [backend-prepare] [ool-5-thread-96] org.hibernate.SQL                        : 
    /* SELECT
        m 
    FROM
        Menu m 
    WHERE
        m.id = :id */ select
            m1_0.id,
            m1_0.name,
            m1_0.price,
            m1_0.stock,
            m1_0.version 
        from
            menu m1_0 
        where
            m1_0.id=? for update
Hibernate: 
    /* SELECT
        m 
    FROM
        Menu m 
    WHERE
        m.id = :id */ select
            m1_0.id,
            m1_0.name,
            m1_0.price,
            m1_0.stock,
            m1_0.version 
        from
            menu m1_0 
        where
            m1_0.id=? for update
2025-11-28T00:08:14.707+09:00 DEBUG 6108 --- [backend-prepare] [ool-5-thread-97] org.hibernate.SQL                        : 
    /* SELECT
        m 
    FROM
        Menu m 
    WHERE
        m.id = :id */ select
            m1_0.id,
            m1_0.name,
            m1_0.price,
            m1_0.stock,
            m1_0.version 
        from
            menu m1_0 
        where
            m1_0.id=? for update
Hibernate: 
    /* SELECT
        m 
    FROM
        Menu m 
    WHERE
        m.id = :id */ select
            m1_0.id,
            m1_0.name,
            m1_0.price,
            m1_0.stock,
            m1_0.version 
        from
            menu m1_0 
        where
            m1_0.id=? for update
2025-11-28T00:08:14.813+09:00 DEBUG 6108 --- [backend-prepare] [ool-5-thread-98] org.hibernate.SQL                        : 
    /* SELECT
        m 
    FROM
        Menu m 
    WHERE
        m.id = :id */ select
            m1_0.id,
            m1_0.name,
            m1_0.price,
            m1_0.stock,
            m1_0.version 
        from
            menu m1_0 
        where
            m1_0.id=? for update
Hibernate: 
    /* SELECT
        m 
    FROM
        Menu m 
    WHERE
        m.id = :id */ select
            m1_0.id,
            m1_0.name,
            m1_0.price,
            m1_0.stock,
            m1_0.version 
        from
            menu m1_0 
        where
            m1_0.id=? for update
2025-11-28T00:08:14.917+09:00 DEBUG 6108 --- [backend-prepare] [ool-5-thread-99] org.hibernate.SQL                        : 
    /* SELECT
        m 
    FROM
        Menu m 
    WHERE
        m.id = :id */ select
            m1_0.id,
            m1_0.name,
            m1_0.price,
            m1_0.stock,
            m1_0.version 
        from
            menu m1_0 
        where
            m1_0.id=? for update
Hibernate: 
    /* SELECT
        m 
    FROM
        Menu m 
    WHERE
        m.id = :id */ select
            m1_0.id,
            m1_0.name,
            m1_0.price,
            m1_0.stock,
            m1_0.version 
        from
            menu m1_0 
        where
            m1_0.id=? for update
2025-11-28T00:08:15.025+09:00 DEBUG 6108 --- [backend-prepare] [ol-5-thread-100] org.hibernate.SQL                        : 
    /* SELECT
        m 
    FROM
        Menu m 
    WHERE
        m.id = :id */ select
            m1_0.id,
            m1_0.name,
            m1_0.price,
            m1_0.stock,
            m1_0.version 
        from
            menu m1_0 
        where
            m1_0.id=? for update
Hibernate: 
    /* SELECT
        m 
    FROM
        Menu m 
    WHERE
        m.id = :id */ select
            m1_0.id,
            m1_0.name,
            m1_0.price,
            m1_0.stock,
            m1_0.version 
        from
            menu m1_0 
        where
            m1_0.id=? for update
2025-11-28T00:08:16.069+09:00 DEBUG 6108 --- [backend-prepare] [    Test worker] org.hibernate.SQL                        : 
    select
        m1_0.id,
        m1_0.name,
        m1_0.price,
        m1_0.stock,
        m1_0.version 
    from
        menu m1_0 
    where
        m1_0.id=?
Hibernate: 
    select
        m1_0.id,
        m1_0.name,
        m1_0.price,
        m1_0.stock,
        m1_0.version 
    from
        menu m1_0 
    where
        m1_0.id=?

=== 동시성 처리 없는 경우 ===
성공한 주문 수: 10
실패한 주문 수: 90
최종 재고: 0
예상 재고: 0
실제 판매량: 10
Over-selling 발생: NO
✅ 이번에는 운 좋게 정상 작동 (하지만 보장 안됨)
   -> DB의 기본 격리 수준이나 타이밍 덕분
   -> 프로덕션에서는 문제 발생 가능성 높음

2025-11-28T00:08:16.072+09:00 DEBUG 6108 --- [backend-prepare] [    Test worker] org.hibernate.SQL                        : 
    select
        m1_0.id,
        m1_0.name,
        m1_0.price,
        m1_0.stock,
        m1_0.version 
    from
        menu m1_0 
    where
        m1_0.id=?
Hibernate: 
    select
        m1_0.id,
        m1_0.name,
        m1_0.price,
        m1_0.stock,
        m1_0.version 
    from
        menu m1_0 
    where
        m1_0.id=?
2025-11-28T00:08:16.073+09:00 DEBUG 6108 --- [backend-prepare] [    Test worker] org.hibernate.SQL                        : 
    /* delete for com.platform.stock.domain.Menu */delete 
    from
        menu 
    where
        id=? 
        and version=?
Hibernate: 
    /* delete for com.platform.stock.domain.Menu */delete 
    from
        menu 
    where
        id=? 
        and version=?
]]></system-out>
  <system-err><![CDATA[]]></system-err>
</testsuite>
